{"/mnt/97fb2f28-9f80-45b1-996a-6cffbde28b5a/www/luminix/js-core/src/contracts/BaseModel.ts": {"path":"/mnt/97fb2f28-9f80-45b1-996a-6cffbde28b5a/www/luminix/js-core/src/contracts/BaseModel.ts","statementMap":{"0":{"start":{"line":4,"column":0},"end":{"line":4,"column":94}},"1":{"start":{"line":9,"column":0},"end":{"line":9,"column":26}},"2":{"start":{"line":10,"column":0},"end":{"line":10,"column":23}},"3":{"start":{"line":25,"column":8},"end":{"line":25,"column":null}},"4":{"start":{"line":26,"column":8},"end":{"line":26,"column":null}},"5":{"start":{"line":14,"column":12},"end":{"line":14,"column":null}},"6":{"start":{"line":15,"column":12},"end":{"line":15,"column":null}},"7":{"start":{"line":16,"column":12},"end":{"line":16,"column":null}},"8":{"start":{"line":17,"column":12},"end":{"line":17,"column":null}},"9":{"start":{"line":18,"column":12},"end":{"line":18,"column":null}},"10":{"start":{"line":19,"column":12},"end":{"line":19,"column":null}},"11":{"start":{"line":20,"column":12},"end":{"line":20,"column":null}},"12":{"start":{"line":21,"column":12},"end":{"line":21,"column":null}},"13":{"start":{"line":29,"column":8},"end":{"line":29,"column":35}},"14":{"start":{"line":33,"column":40},"end":{"line":33,"column":86}},"15":{"start":{"line":35,"column":29},"end":{"line":38,"column":10}},"16":{"start":{"line":40,"column":30},"end":{"line":40,"column":79}},"17":{"start":{"line":45,"column":12},"end":{"line":45,"column":22}},"18":{"start":{"line":47,"column":8},"end":{"line":51,"column":11}},"19":{"start":{"line":48,"column":12},"end":{"line":50,"column":13}},"20":{"start":{"line":49,"column":16},"end":{"line":49,"column":42}},"21":{"start":{"line":53,"column":8},"end":{"line":53,"column":41}},"22":{"start":{"line":55,"column":34},"end":{"line":55,"column":36}},"23":{"start":{"line":57,"column":8},"end":{"line":82,"column":9}},"24":{"start":{"line":58,"column":12},"end":{"line":81,"column":15}},"25":{"start":{"line":59,"column":40},"end":{"line":59,"column":48}},"26":{"start":{"line":61,"column":16},"end":{"line":63,"column":17}},"27":{"start":{"line":62,"column":20},"end":{"line":62,"column":27}},"28":{"start":{"line":65,"column":30},"end":{"line":68,"column":null}},"29":{"start":{"line":71,"column":37},"end":{"line":71,"column":52}},"30":{"start":{"line":72,"column":33},"end":{"line":72,"column":84}},"31":{"start":{"line":74,"column":16},"end":{"line":76,"column":17}},"32":{"start":{"line":75,"column":20},"end":{"line":75,"column":94}},"33":{"start":{"line":78,"column":16},"end":{"line":80,"column":17}},"34":{"start":{"line":79,"column":20},"end":{"line":79,"column":131}},"35":{"start":{"line":79,"column":84},"end":{"line":79,"column":129}},"36":{"start":{"line":84,"column":8},"end":{"line":84,"column":39}},"37":{"start":{"line":86,"column":8},"end":{"line":86,"column":49}},"38":{"start":{"line":87,"column":8},"end":{"line":87,"column":22}},"39":{"start":{"line":88,"column":8},"end":{"line":88,"column":34}},"40":{"start":{"line":90,"column":8},"end":{"line":96,"column":19}},"41":{"start":{"line":98,"column":8},"end":{"line":104,"column":19}},"42":{"start":{"line":106,"column":8},"end":{"line":112,"column":19}},"43":{"start":{"line":117,"column":8},"end":{"line":119,"column":9}},"44":{"start":{"line":118,"column":12},"end":{"line":118,"column":25}},"45":{"start":{"line":121,"column":8},"end":{"line":123,"column":9}},"46":{"start":{"line":122,"column":12},"end":{"line":122,"column":27}},"47":{"start":{"line":124,"column":8},"end":{"line":126,"column":9}},"48":{"start":{"line":125,"column":12},"end":{"line":125,"column":35}},"49":{"start":{"line":127,"column":8},"end":{"line":132,"column":9}},"50":{"start":{"line":131,"column":12},"end":{"line":131,"column":33}},"51":{"start":{"line":134,"column":8},"end":{"line":134,"column":21}},"52":{"start":{"line":138,"column":8},"end":{"line":138,"column":24}},"53":{"start":{"line":142,"column":8},"end":{"line":142,"column":32}},"54":{"start":{"line":146,"column":8},"end":{"line":146,"column":30}},"55":{"start":{"line":150,"column":8},"end":{"line":150,"column":30}},"56":{"start":{"line":154,"column":8},"end":{"line":154,"column":31}},"57":{"start":{"line":158,"column":8},"end":{"line":158,"column":31}},"58":{"start":{"line":162,"column":8},"end":{"line":162,"column":31}},"59":{"start":{"line":166,"column":8},"end":{"line":166,"column":31}},"60":{"start":{"line":170,"column":20},"end":{"line":170,"column":40}},"61":{"start":{"line":171,"column":26},"end":{"line":171,"column":72}},"62":{"start":{"line":172,"column":8},"end":{"line":174,"column":9}},"63":{"start":{"line":173,"column":12},"end":{"line":173,"column":49}},"64":{"start":{"line":175,"column":8},"end":{"line":179,"column":10}},"65":{"start":{"line":183,"column":8},"end":{"line":186,"column":9}},"66":{"start":{"line":184,"column":12},"end":{"line":184,"column":127}},"67":{"start":{"line":185,"column":12},"end":{"line":185,"column":19}},"68":{"start":{"line":187,"column":30},"end":{"line":187,"column":58}},"69":{"start":{"line":188,"column":8},"end":{"line":192,"column":10}},"70":{"start":{"line":193,"column":8},"end":{"line":193,"column":41}},"71":{"start":{"line":197,"column":32},"end":{"line":197,"column":79}},"72":{"start":{"line":198,"column":8},"end":{"line":200,"column":11}},"73":{"start":{"line":199,"column":12},"end":{"line":199,"column":57}},"74":{"start":{"line":204,"column":31},"end":{"line":204,"column":87}},"75":{"start":{"line":206,"column":31},"end":{"line":215,"column":14}},"76":{"start":{"line":207,"column":29},"end":{"line":207,"column":48}},"77":{"start":{"line":208,"column":12},"end":{"line":210,"column":13}},"78":{"start":{"line":209,"column":16},"end":{"line":209,"column":40}},"79":{"start":{"line":211,"column":12},"end":{"line":213,"column":13}},"80":{"start":{"line":212,"column":16},"end":{"line":212,"column":60}},"81":{"start":{"line":212,"column":47},"end":{"line":212,"column":58}},"82":{"start":{"line":214,"column":12},"end":{"line":214,"column":23}},"83":{"start":{"line":217,"column":8},"end":{"line":228,"column":17}},"84":{"start":{"line":232,"column":8},"end":{"line":232,"column":58}},"85":{"start":{"line":236,"column":8},"end":{"line":277,"column":11}},"86":{"start":{"line":240,"column":16},"end":{"line":240,"column":23}},"87":{"start":{"line":242,"column":30},"end":{"line":242,"column":96}},"88":{"start":{"line":244,"column":24},"end":{"line":248,"column":null}},"89":{"start":{"line":251,"column":12},"end":{"line":254,"column":13}},"90":{"start":{"line":252,"column":16},"end":{"line":252,"column":71}},"91":{"start":{"line":253,"column":16},"end":{"line":253,"column":23}},"92":{"start":{"line":255,"column":12},"end":{"line":276,"column":19}},"93":{"start":{"line":262,"column":20},"end":{"line":267,"column":21}},"94":{"start":{"line":263,"column":24},"end":{"line":263,"column":54}},"95":{"start":{"line":264,"column":24},"end":{"line":264,"column":98}},"96":{"start":{"line":265,"column":24},"end":{"line":265,"column":34}},"97":{"start":{"line":266,"column":24},"end":{"line":266,"column":31}},"98":{"start":{"line":268,"column":20},"end":{"line":268,"column":37}},"99":{"start":{"line":271,"column":20},"end":{"line":271,"column":41}},"100":{"start":{"line":273,"column":20},"end":{"line":273,"column":99}},"101":{"start":{"line":275,"column":20},"end":{"line":275,"column":34}},"102":{"start":{"line":281,"column":8},"end":{"line":301,"column":11}},"103":{"start":{"line":282,"column":24},"end":{"line":282,"column":99}},"104":{"start":{"line":283,"column":12},"end":{"line":286,"column":13}},"105":{"start":{"line":284,"column":16},"end":{"line":284,"column":91}},"106":{"start":{"line":285,"column":16},"end":{"line":285,"column":23}},"107":{"start":{"line":287,"column":12},"end":{"line":300,"column":19}},"108":{"start":{"line":289,"column":20},"end":{"line":293,"column":21}},"109":{"start":{"line":290,"column":24},"end":{"line":290,"column":100}},"110":{"start":{"line":291,"column":24},"end":{"line":291,"column":34}},"111":{"start":{"line":292,"column":24},"end":{"line":292,"column":31}},"112":{"start":{"line":294,"column":20},"end":{"line":294,"column":37}},"113":{"start":{"line":297,"column":20},"end":{"line":297,"column":41}},"114":{"start":{"line":298,"column":20},"end":{"line":298,"column":101}},"115":{"start":{"line":299,"column":20},"end":{"line":299,"column":34}},"116":{"start":{"line":305,"column":8},"end":{"line":327,"column":11}},"117":{"start":{"line":306,"column":24},"end":{"line":306,"column":104}},"118":{"start":{"line":308,"column":12},"end":{"line":311,"column":13}},"119":{"start":{"line":309,"column":16},"end":{"line":309,"column":96}},"120":{"start":{"line":310,"column":16},"end":{"line":310,"column":23}},"121":{"start":{"line":313,"column":12},"end":{"line":326,"column":19}},"122":{"start":{"line":315,"column":20},"end":{"line":319,"column":21}},"123":{"start":{"line":316,"column":24},"end":{"line":316,"column":106}},"124":{"start":{"line":317,"column":24},"end":{"line":317,"column":34}},"125":{"start":{"line":318,"column":24},"end":{"line":318,"column":31}},"126":{"start":{"line":320,"column":20},"end":{"line":320,"column":37}},"127":{"start":{"line":323,"column":20},"end":{"line":323,"column":41}},"128":{"start":{"line":324,"column":20},"end":{"line":324,"column":107}},"129":{"start":{"line":325,"column":20},"end":{"line":325,"column":34}},"130":{"start":{"line":331,"column":8},"end":{"line":351,"column":11}},"131":{"start":{"line":332,"column":24},"end":{"line":332,"column":100}},"132":{"start":{"line":334,"column":12},"end":{"line":336,"column":13}},"133":{"start":{"line":335,"column":16},"end":{"line":335,"column":92}},"134":{"start":{"line":337,"column":12},"end":{"line":350,"column":19}},"135":{"start":{"line":339,"column":20},"end":{"line":343,"column":21}},"136":{"start":{"line":340,"column":24},"end":{"line":340,"column":101}},"137":{"start":{"line":341,"column":24},"end":{"line":341,"column":34}},"138":{"start":{"line":342,"column":24},"end":{"line":342,"column":31}},"139":{"start":{"line":344,"column":20},"end":{"line":344,"column":37}},"140":{"start":{"line":347,"column":20},"end":{"line":347,"column":41}},"141":{"start":{"line":348,"column":20},"end":{"line":348,"column":102}},"142":{"start":{"line":349,"column":20},"end":{"line":349,"column":34}},"143":{"start":{"line":12,"column":0},"end":{"line":12,"column":30}}},"fnMap":{"0":{"name":"(anonymous_1)","decl":{"start":{"line":24,"column":4},"end":{"line":24,"column":null}},"loc":{"start":{"line":27,"column":58},"end":{"line":30,"column":5}}},"1":{"name":"(anonymous_2)","decl":{"start":{"line":32,"column":12},"end":{"line":32,"column":21}},"loc":{"start":{"line":32,"column":60},"end":{"line":114,"column":5}}},"2":{"name":"(anonymous_3)","decl":{"start":{"line":47,"column":25},"end":{"line":47,"column":26}},"loc":{"start":{"line":47,"column":33},"end":{"line":51,"column":9}}},"3":{"name":"(anonymous_4)","decl":{"start":{"line":58,"column":46},"end":{"line":58,"column":47}},"loc":{"start":{"line":58,"column":66},"end":{"line":81,"column":13}}},"4":{"name":"(anonymous_5)","decl":{"start":{"line":79,"column":74},"end":{"line":79,"column":75}},"loc":{"start":{"line":79,"column":84},"end":{"line":79,"column":129}}},"5":{"name":"(anonymous_6)","decl":{"start":{"line":116,"column":12},"end":{"line":116,"column":16}},"loc":{"start":{"line":116,"column":41},"end":{"line":135,"column":5}}},"6":{"name":"(anonymous_7)","decl":{"start":{"line":137,"column":4},"end":{"line":137,"column":8}},"loc":{"start":{"line":137,"column":10},"end":{"line":139,"column":5}}},"7":{"name":"(anonymous_8)","decl":{"start":{"line":141,"column":4},"end":{"line":141,"column":8}},"loc":{"start":{"line":141,"column":18},"end":{"line":143,"column":5}}},"8":{"name":"(anonymous_9)","decl":{"start":{"line":145,"column":4},"end":{"line":145,"column":8}},"loc":{"start":{"line":145,"column":16},"end":{"line":147,"column":5}}},"9":{"name":"(anonymous_10)","decl":{"start":{"line":149,"column":4},"end":{"line":149,"column":8}},"loc":{"start":{"line":149,"column":16},"end":{"line":151,"column":5}}},"10":{"name":"(anonymous_11)","decl":{"start":{"line":153,"column":4},"end":{"line":153,"column":8}},"loc":{"start":{"line":153,"column":17},"end":{"line":155,"column":5}}},"11":{"name":"(anonymous_12)","decl":{"start":{"line":157,"column":4},"end":{"line":157,"column":8}},"loc":{"start":{"line":157,"column":17},"end":{"line":159,"column":5}}},"12":{"name":"(anonymous_13)","decl":{"start":{"line":161,"column":4},"end":{"line":161,"column":8}},"loc":{"start":{"line":161,"column":17},"end":{"line":163,"column":5}}},"13":{"name":"(anonymous_14)","decl":{"start":{"line":165,"column":4},"end":{"line":165,"column":8}},"loc":{"start":{"line":165,"column":17},"end":{"line":167,"column":5}}},"14":{"name":"(anonymous_15)","decl":{"start":{"line":169,"column":4},"end":{"line":169,"column":16}},"loc":{"start":{"line":169,"column":28},"end":{"line":180,"column":5}}},"15":{"name":"(anonymous_16)","decl":{"start":{"line":182,"column":4},"end":{"line":182,"column":16}},"loc":{"start":{"line":182,"column":40},"end":{"line":194,"column":5}}},"16":{"name":"(anonymous_17)","decl":{"start":{"line":196,"column":4},"end":{"line":196,"column":8}},"loc":{"start":{"line":196,"column":27},"end":{"line":201,"column":5}}},"17":{"name":"(anonymous_18)","decl":{"start":{"line":198,"column":45},"end":{"line":198,"column":46}},"loc":{"start":{"line":198,"column":53},"end":{"line":200,"column":9}}},"18":{"name":"(anonymous_19)","decl":{"start":{"line":203,"column":4},"end":{"line":203,"column":8}},"loc":{"start":{"line":203,"column":8},"end":{"line":229,"column":5}}},"19":{"name":"(anonymous_20)","decl":{"start":{"line":206,"column":69},"end":{"line":206,"column":70}},"loc":{"start":{"line":206,"column":96},"end":{"line":215,"column":9}}},"20":{"name":"(anonymous_21)","decl":{"start":{"line":212,"column":37},"end":{"line":212,"column":38}},"loc":{"start":{"line":212,"column":47},"end":{"line":212,"column":58}}},"21":{"name":"(anonymous_22)","decl":{"start":{"line":231,"column":4},"end":{"line":231,"column":8}},"loc":{"start":{"line":231,"column":8},"end":{"line":233,"column":5}}},"22":{"name":"(anonymous_23)","decl":{"start":{"line":235,"column":4},"end":{"line":235,"column":8}},"loc":{"start":{"line":235,"column":39},"end":{"line":278,"column":5}}},"23":{"name":"(anonymous_24)","decl":{"start":{"line":236,"column":27},"end":{"line":236,"column":28}},"loc":{"start":{"line":236,"column":47},"end":{"line":277,"column":9}}},"24":{"name":"(anonymous_25)","decl":{"start":{"line":261,"column":22},"end":{"line":261,"column":23}},"loc":{"start":{"line":261,"column":35},"end":{"line":269,"column":17}}},"25":{"name":"(anonymous_26)","decl":{"start":{"line":270,"column":23},"end":{"line":270,"column":24}},"loc":{"start":{"line":270,"column":33},"end":{"line":276,"column":17}}},"26":{"name":"(anonymous_27)","decl":{"start":{"line":280,"column":4},"end":{"line":280,"column":10}},"loc":{"start":{"line":280,"column":10},"end":{"line":302,"column":5}}},"27":{"name":"(anonymous_28)","decl":{"start":{"line":281,"column":27},"end":{"line":281,"column":28}},"loc":{"start":{"line":281,"column":47},"end":{"line":301,"column":9}}},"28":{"name":"(anonymous_29)","decl":{"start":{"line":288,"column":22},"end":{"line":288,"column":23}},"loc":{"start":{"line":288,"column":35},"end":{"line":295,"column":17}}},"29":{"name":"(anonymous_30)","decl":{"start":{"line":296,"column":23},"end":{"line":296,"column":24}},"loc":{"start":{"line":296,"column":33},"end":{"line":300,"column":17}}},"30":{"name":"(anonymous_31)","decl":{"start":{"line":304,"column":4},"end":{"line":304,"column":15}},"loc":{"start":{"line":304,"column":15},"end":{"line":328,"column":5}}},"31":{"name":"(anonymous_32)","decl":{"start":{"line":305,"column":27},"end":{"line":305,"column":28}},"loc":{"start":{"line":305,"column":47},"end":{"line":327,"column":9}}},"32":{"name":"(anonymous_33)","decl":{"start":{"line":314,"column":22},"end":{"line":314,"column":23}},"loc":{"start":{"line":314,"column":35},"end":{"line":321,"column":17}}},"33":{"name":"(anonymous_34)","decl":{"start":{"line":322,"column":23},"end":{"line":322,"column":24}},"loc":{"start":{"line":322,"column":33},"end":{"line":326,"column":17}}},"34":{"name":"(anonymous_35)","decl":{"start":{"line":330,"column":4},"end":{"line":330,"column":11}},"loc":{"start":{"line":330,"column":11},"end":{"line":352,"column":5}}},"35":{"name":"(anonymous_36)","decl":{"start":{"line":331,"column":27},"end":{"line":331,"column":28}},"loc":{"start":{"line":331,"column":47},"end":{"line":351,"column":9}}},"36":{"name":"(anonymous_37)","decl":{"start":{"line":338,"column":22},"end":{"line":338,"column":23}},"loc":{"start":{"line":338,"column":35},"end":{"line":345,"column":17}}},"37":{"name":"(anonymous_38)","decl":{"start":{"line":346,"column":23},"end":{"line":346,"column":24}},"loc":{"start":{"line":346,"column":33},"end":{"line":350,"column":17}}}},"branchMap":{"0":{"loc":{"start":{"line":27,"column":8},"end":{"line":27,"column":58}},"type":"default-arg","locations":[{"start":{"line":27,"column":49},"end":{"line":27,"column":58}}]},"1":{"loc":{"start":{"line":37,"column":41},"end":{"line":37,"column":56}},"type":"binary-expr","locations":[{"start":{"line":37,"column":41},"end":{"line":37,"column":50}},{"start":{"line":37,"column":54},"end":{"line":37,"column":56}}]},"2":{"loc":{"start":{"line":43,"column":12},"end":{"line":43,"column":18}},"type":"default-arg","locations":[{"start":{"line":43,"column":17},"end":{"line":43,"column":18}}]},"3":{"loc":{"start":{"line":48,"column":12},"end":{"line":50,"column":13}},"type":"if","locations":[{"start":{"line":48,"column":12},"end":{"line":50,"column":13}}]},"4":{"loc":{"start":{"line":57,"column":8},"end":{"line":82,"column":9}},"type":"if","locations":[{"start":{"line":57,"column":8},"end":{"line":82,"column":9}}]},"5":{"loc":{"start":{"line":61,"column":16},"end":{"line":63,"column":17}},"type":"if","locations":[{"start":{"line":61,"column":16},"end":{"line":63,"column":17}}]},"6":{"loc":{"start":{"line":61,"column":20},"end":{"line":61,"column":68}},"type":"binary-expr","locations":[{"start":{"line":61,"column":20},"end":{"line":61,"column":38}},{"start":{"line":61,"column":42},"end":{"line":61,"column":68}}]},"7":{"loc":{"start":{"line":66,"column":20},"end":{"line":68,"column":31}},"type":"cond-expr","locations":[{"start":{"line":67,"column":26},"end":{"line":67,"column":61}},{"start":{"line":68,"column":26},"end":{"line":68,"column":31}}]},"8":{"loc":{"start":{"line":74,"column":16},"end":{"line":76,"column":17}},"type":"if","locations":[{"start":{"line":74,"column":16},"end":{"line":76,"column":17}}]},"9":{"loc":{"start":{"line":74,"column":20},"end":{"line":74,"column":89}},"type":"binary-expr","locations":[{"start":{"line":74,"column":20},"end":{"line":74,"column":28}},{"start":{"line":74,"column":32},"end":{"line":74,"column":64}},{"start":{"line":74,"column":68},"end":{"line":74,"column":89}}]},"10":{"loc":{"start":{"line":78,"column":16},"end":{"line":80,"column":17}},"type":"if","locations":[{"start":{"line":78,"column":16},"end":{"line":80,"column":17}}]},"11":{"loc":{"start":{"line":78,"column":20},"end":{"line":78,"column":63}},"type":"binary-expr","locations":[{"start":{"line":78,"column":20},"end":{"line":78,"column":29}},{"start":{"line":78,"column":33},"end":{"line":78,"column":63}}]},"12":{"loc":{"start":{"line":90,"column":26},"end":{"line":96,"column":18}},"type":"cond-expr","locations":[{"start":{"line":91,"column":14},"end":{"line":94,"column":null}},{"start":{"line":96,"column":14},"end":{"line":96,"column":18}}]},"13":{"loc":{"start":{"line":98,"column":26},"end":{"line":104,"column":18}},"type":"cond-expr","locations":[{"start":{"line":99,"column":14},"end":{"line":102,"column":null}},{"start":{"line":104,"column":14},"end":{"line":104,"column":18}}]},"14":{"loc":{"start":{"line":106,"column":26},"end":{"line":112,"column":18}},"type":"cond-expr","locations":[{"start":{"line":107,"column":14},"end":{"line":110,"column":null}},{"start":{"line":112,"column":14},"end":{"line":112,"column":18}}]},"15":{"loc":{"start":{"line":117,"column":8},"end":{"line":119,"column":9}},"type":"if","locations":[{"start":{"line":117,"column":8},"end":{"line":119,"column":9}}]},"16":{"loc":{"start":{"line":117,"column":12},"end":{"line":117,"column":49}},"type":"binary-expr","locations":[{"start":{"line":117,"column":12},"end":{"line":117,"column":26}},{"start":{"line":117,"column":30},"end":{"line":117,"column":49}}]},"17":{"loc":{"start":{"line":121,"column":8},"end":{"line":123,"column":9}},"type":"if","locations":[{"start":{"line":121,"column":8},"end":{"line":123,"column":9}}]},"18":{"loc":{"start":{"line":124,"column":8},"end":{"line":126,"column":9}},"type":"if","locations":[{"start":{"line":124,"column":8},"end":{"line":126,"column":9}}]},"19":{"loc":{"start":{"line":127,"column":8},"end":{"line":132,"column":9}},"type":"if","locations":[{"start":{"line":127,"column":8},"end":{"line":132,"column":9}}]},"20":{"loc":{"start":{"line":128,"column":12},"end":{"line":129,"column":42}},"type":"binary-expr","locations":[{"start":{"line":128,"column":12},"end":{"line":128,"column":57}},{"start":{"line":129,"column":15},"end":{"line":129,"column":42}}]},"21":{"loc":{"start":{"line":172,"column":8},"end":{"line":174,"column":9}},"type":"if","locations":[{"start":{"line":172,"column":8},"end":{"line":174,"column":9}}]},"22":{"loc":{"start":{"line":172,"column":12},"end":{"line":172,"column":31}},"type":"binary-expr","locations":[{"start":{"line":172,"column":12},"end":{"line":172,"column":17}},{"start":{"line":172,"column":21},"end":{"line":172,"column":31}}]},"23":{"loc":{"start":{"line":183,"column":8},"end":{"line":186,"column":9}},"type":"if","locations":[{"start":{"line":183,"column":8},"end":{"line":186,"column":9}}]},"24":{"loc":{"start":{"line":208,"column":12},"end":{"line":210,"column":13}},"type":"if","locations":[{"start":{"line":208,"column":12},"end":{"line":210,"column":13}}]},"25":{"loc":{"start":{"line":208,"column":16},"end":{"line":208,"column":92}},"type":"binary-expr","locations":[{"start":{"line":208,"column":16},"end":{"line":208,"column":67}},{"start":{"line":208,"column":71},"end":{"line":208,"column":92}}]},"26":{"loc":{"start":{"line":211,"column":12},"end":{"line":213,"column":13}},"type":"if","locations":[{"start":{"line":211,"column":12},"end":{"line":213,"column":13}}]},"27":{"loc":{"start":{"line":211,"column":16},"end":{"line":211,"column":111}},"type":"binary-expr","locations":[{"start":{"line":211,"column":16},"end":{"line":211,"column":87}},{"start":{"line":211,"column":91},"end":{"line":211,"column":111}}]},"28":{"loc":{"start":{"line":225,"column":16},"end":{"line":227,"column":20}},"type":"cond-expr","locations":[{"start":{"line":226,"column":18},"end":{"line":226,"column":48}},{"start":{"line":227,"column":18},"end":{"line":227,"column":20}}]},"29":{"loc":{"start":{"line":235,"column":9},"end":{"line":235,"column":39}},"type":"default-arg","locations":[{"start":{"line":235,"column":37},"end":{"line":235,"column":39}}]},"30":{"loc":{"start":{"line":238,"column":16},"end":{"line":238,"column":38}},"type":"default-arg","locations":[{"start":{"line":238,"column":36},"end":{"line":238,"column":38}}]},"31":{"loc":{"start":{"line":239,"column":16},"end":{"line":239,"column":46}},"type":"default-arg","locations":[{"start":{"line":239,"column":42},"end":{"line":239,"column":46}}]},"32":{"loc":{"start":{"line":242,"column":59},"end":{"line":242,"column":94}},"type":"cond-expr","locations":[{"start":{"line":242,"column":75},"end":{"line":242,"column":83}},{"start":{"line":242,"column":86},"end":{"line":242,"column":94}}]},"33":{"loc":{"start":{"line":246,"column":16},"end":{"line":248,"column":37}},"type":"cond-expr","locations":[{"start":{"line":247,"column":22},"end":{"line":247,"column":27}},{"start":{"line":248,"column":22},"end":{"line":248,"column":37}}]},"34":{"loc":{"start":{"line":251,"column":12},"end":{"line":254,"column":13}},"type":"if","locations":[{"start":{"line":251,"column":12},"end":{"line":254,"column":13}}]},"35":{"loc":{"start":{"line":256,"column":19},"end":{"line":258,"column":74}},"type":"cond-expr","locations":[{"start":{"line":257,"column":22},"end":{"line":257,"column":33}},{"start":{"line":258,"column":22},"end":{"line":258,"column":74}}]},"36":{"loc":{"start":{"line":262,"column":20},"end":{"line":267,"column":21}},"type":"if","locations":[{"start":{"line":262,"column":20},"end":{"line":267,"column":21}}]},"37":{"loc":{"start":{"line":283,"column":12},"end":{"line":286,"column":13}},"type":"if","locations":[{"start":{"line":283,"column":12},"end":{"line":286,"column":13}}]},"38":{"loc":{"start":{"line":289,"column":20},"end":{"line":293,"column":21}},"type":"if","locations":[{"start":{"line":289,"column":20},"end":{"line":293,"column":21}}]},"39":{"loc":{"start":{"line":308,"column":12},"end":{"line":311,"column":13}},"type":"if","locations":[{"start":{"line":308,"column":12},"end":{"line":311,"column":13}}]},"40":{"loc":{"start":{"line":315,"column":20},"end":{"line":319,"column":21}},"type":"if","locations":[{"start":{"line":315,"column":20},"end":{"line":319,"column":21}}]},"41":{"loc":{"start":{"line":334,"column":12},"end":{"line":336,"column":13}},"type":"if","locations":[{"start":{"line":334,"column":12},"end":{"line":336,"column":13}}]},"42":{"loc":{"start":{"line":339,"column":20},"end":{"line":343,"column":21}},"type":"if","locations":[{"start":{"line":339,"column":20},"end":{"line":343,"column":21}}]}},"s":{"0":4,"1":4,"2":4,"3":13,"4":13,"5":13,"6":13,"7":13,"8":13,"9":13,"10":13,"11":13,"12":13,"13":13,"14":16,"15":16,"16":16,"17":16,"18":16,"19":67,"20":53,"21":16,"22":16,"23":16,"24":16,"25":32,"26":32,"27":0,"28":32,"29":32,"30":32,"31":32,"32":0,"33":32,"34":2,"35":2,"36":16,"37":16,"38":16,"39":16,"40":16,"41":16,"42":16,"43":0,"44":0,"45":0,"46":0,"47":0,"48":0,"49":0,"50":0,"51":0,"52":27,"53":25,"54":5,"55":13,"56":27,"57":1,"58":1,"59":1,"60":4,"61":4,"62":4,"63":0,"64":4,"65":7,"66":0,"67":0,"68":7,"69":7,"70":7,"71":4,"72":4,"73":6,"74":1,"75":1,"76":0,"77":0,"78":0,"79":0,"80":0,"81":0,"82":0,"83":1,"84":5,"85":3,"86":3,"87":3,"88":3,"89":3,"90":0,"91":0,"92":3,"93":3,"94":3,"95":3,"96":3,"97":3,"98":0,"99":0,"100":0,"101":0,"102":1,"103":1,"104":1,"105":0,"106":0,"107":1,"108":1,"109":1,"110":1,"111":1,"112":0,"113":0,"114":0,"115":0,"116":2,"117":2,"118":1,"119":0,"120":0,"121":1,"122":1,"123":1,"124":1,"125":1,"126":0,"127":0,"128":0,"129":0,"130":1,"131":1,"132":1,"133":0,"134":1,"135":1,"136":1,"137":1,"138":1,"139":0,"140":0,"141":0,"142":0,"143":4},"f":{"0":13,"1":16,"2":67,"3":32,"4":2,"5":0,"6":27,"7":25,"8":5,"9":13,"10":27,"11":1,"12":1,"13":1,"14":4,"15":7,"16":4,"17":6,"18":1,"19":0,"20":0,"21":5,"22":3,"23":3,"24":3,"25":0,"26":1,"27":1,"28":1,"29":0,"30":2,"31":2,"32":1,"33":0,"34":1,"35":1,"36":1,"37":0},"b":{"0":[0],"1":[16,0],"2":[1],"3":[53],"4":[16],"5":[0],"6":[32,0],"7":[0,32],"8":[0],"9":[32,4,0],"10":[2],"11":[32,28],"12":[0,16],"13":[0,16],"14":[0,16],"15":[0],"16":[0,0],"17":[0],"18":[0],"19":[0],"20":[0,0],"21":[0],"22":[4,4],"23":[0],"24":[0],"25":[0,0],"26":[0],"27":[0,0],"28":[1,0],"29":[3],"30":[3],"31":[3],"32":[1,2],"33":[1,2],"34":[0],"35":[3,0],"36":[3],"37":[0],"38":[1],"39":[0],"40":[1],"41":[0],"42":[1]}}
,"/mnt/97fb2f28-9f80-45b1-996a-6cffbde28b5a/www/luminix/js-core/src/facades/App.ts": {"path":"/mnt/97fb2f28-9f80-45b1-996a-6cffbde28b5a/www/luminix/js-core/src/facades/App.ts","statementMap":{"0":{"start":{"line":1,"column":0},"end":{"line":1,"column":26}},"1":{"start":{"line":3,"column":0},"end":{"line":3,"column":30}},"2":{"start":{"line":4,"column":0},"end":{"line":4,"column":28}},"3":{"start":{"line":6,"column":0},"end":{"line":6,"column":38}},"4":{"start":{"line":7,"column":0},"end":{"line":7,"column":26}},"5":{"start":{"line":10,"column":0},"end":{"line":10,"column":24}},"6":{"start":{"line":12,"column":0},"end":{"line":12,"column":28}},"7":{"start":{"line":16,"column":12},"end":{"line":16,"column":null}},"8":{"start":{"line":17,"column":12},"end":{"line":17,"column":null}},"9":{"start":{"line":18,"column":12},"end":{"line":18,"column":null}},"10":{"start":{"line":21,"column":8},"end":{"line":23,"column":9}},"11":{"start":{"line":22,"column":12},"end":{"line":22,"column":32}},"12":{"start":{"line":24,"column":8},"end":{"line":26,"column":9}},"13":{"start":{"line":25,"column":12},"end":{"line":25,"column":37}},"14":{"start":{"line":27,"column":8},"end":{"line":27,"column":25}},"15":{"start":{"line":31,"column":8},"end":{"line":31,"column":35}},"16":{"start":{"line":35,"column":8},"end":{"line":37,"column":9}},"17":{"start":{"line":36,"column":12},"end":{"line":36,"column":19}},"18":{"start":{"line":38,"column":8},"end":{"line":38,"column":35}},"19":{"start":{"line":42,"column":8},"end":{"line":42,"column":29}},"20":{"start":{"line":47,"column":8},"end":{"line":49,"column":9}},"21":{"start":{"line":48,"column":12},"end":{"line":48,"column":60}},"22":{"start":{"line":50,"column":8},"end":{"line":50,"column":27}},"23":{"start":{"line":60,"column":12},"end":{"line":60,"column":19}},"24":{"start":{"line":62,"column":8},"end":{"line":64,"column":9}},"25":{"start":{"line":63,"column":12},"end":{"line":63,"column":72}},"26":{"start":{"line":66,"column":8},"end":{"line":66,"column":32}},"27":{"start":{"line":68,"column":35},"end":{"line":68,"column":88}},"28":{"start":{"line":68,"column":55},"end":{"line":68,"column":87}},"29":{"start":{"line":69,"column":8},"end":{"line":77,"column":9}},"30":{"start":{"line":70,"column":12},"end":{"line":72,"column":13}},"31":{"start":{"line":71,"column":16},"end":{"line":71,"column":78}},"32":{"start":{"line":73,"column":13},"end":{"line":73,"column":48}},"33":{"start":{"line":74,"column":12},"end":{"line":76,"column":13}},"34":{"start":{"line":75,"column":16},"end":{"line":75,"column":76}},"35":{"start":{"line":79,"column":8},"end":{"line":79,"column":39}},"36":{"start":{"line":80,"column":26},"end":{"line":80,"column":38}},"37":{"start":{"line":82,"column":8},"end":{"line":82,"column":37}},"38":{"start":{"line":85,"column":8},"end":{"line":85,"column":39}},"39":{"start":{"line":88,"column":8},"end":{"line":88,"column":71}},"40":{"start":{"line":91,"column":8},"end":{"line":91,"column":43}},"41":{"start":{"line":93,"column":40},"end":{"line":93,"column":52}},"42":{"start":{"line":95,"column":8},"end":{"line":105,"column":9}},"43":{"start":{"line":96,"column":29},"end":{"line":97,"column":null}},"44":{"start":{"line":100,"column":12},"end":{"line":100,"column":67}},"45":{"start":{"line":102,"column":12},"end":{"line":104,"column":13}},"46":{"start":{"line":103,"column":16},"end":{"line":103,"column":43}},"47":{"start":{"line":107,"column":8},"end":{"line":107,"column":28}},"48":{"start":{"line":109,"column":8},"end":{"line":109,"column":41}},"49":{"start":{"line":110,"column":8},"end":{"line":110,"column":53}},"50":{"start":{"line":112,"column":8},"end":{"line":112,"column":71}},"51":{"start":{"line":114,"column":25},"end":{"line":114,"column":37}},"52":{"start":{"line":116,"column":32},"end":{"line":116,"column":81}},"53":{"start":{"line":116,"column":52},"end":{"line":116,"column":80}},"54":{"start":{"line":118,"column":8},"end":{"line":126,"column":9}},"55":{"start":{"line":120,"column":12},"end":{"line":120,"column":70}},"56":{"start":{"line":122,"column":13},"end":{"line":122,"column":52}},"57":{"start":{"line":124,"column":12},"end":{"line":124,"column":68}},"58":{"start":{"line":129,"column":8},"end":{"line":134,"column":9}},"59":{"start":{"line":130,"column":12},"end":{"line":130,"column":33}},"60":{"start":{"line":132,"column":12},"end":{"line":132,"column":64}},"61":{"start":{"line":137,"column":8},"end":{"line":137,"column":52}},"62":{"start":{"line":138,"column":8},"end":{"line":138,"column":48}},"63":{"start":{"line":139,"column":8},"end":{"line":139,"column":63}},"64":{"start":{"line":140,"column":8},"end":{"line":140,"column":93}},"65":{"start":{"line":141,"column":8},"end":{"line":141,"column":96}},"66":{"start":{"line":142,"column":8},"end":{"line":142,"column":74}},"67":{"start":{"line":143,"column":8},"end":{"line":143,"column":74}},"68":{"start":{"line":145,"column":8},"end":{"line":152,"column":9}},"69":{"start":{"line":146,"column":12},"end":{"line":151,"column":13}},"70":{"start":{"line":147,"column":16},"end":{"line":147,"column":67}},"71":{"start":{"line":149,"column":16},"end":{"line":149,"column":63}},"72":{"start":{"line":150,"column":16},"end":{"line":150,"column":53}},"73":{"start":{"line":154,"column":8},"end":{"line":154,"column":47}},"74":{"start":{"line":156,"column":8},"end":{"line":156,"column":28}},"75":{"start":{"line":14,"column":0},"end":{"line":14,"column":21}}},"fnMap":{"0":{"name":"(anonymous_1)","decl":{"start":{"line":14,"column":0},"end":{"line":14,"column":21}},"loc":{"start":{"line":14,"column":0},"end":{"line":158,"column":1}}},"1":{"name":"(anonymous_2)","decl":{"start":{"line":20,"column":4},"end":{"line":20,"column":8}},"loc":{"start":{"line":20,"column":21},"end":{"line":28,"column":5}}},"2":{"name":"(anonymous_3)","decl":{"start":{"line":30,"column":4},"end":{"line":30,"column":7}},"loc":{"start":{"line":30,"column":19},"end":{"line":32,"column":5}}},"3":{"name":"(anonymous_4)","decl":{"start":{"line":34,"column":4},"end":{"line":34,"column":7}},"loc":{"start":{"line":34,"column":32},"end":{"line":39,"column":5}}},"4":{"name":"(anonymous_5)","decl":{"start":{"line":41,"column":4},"end":{"line":41,"column":11}},"loc":{"start":{"line":41,"column":11},"end":{"line":43,"column":5}}},"5":{"name":"(anonymous_6)","decl":{"start":{"line":45,"column":4},"end":{"line":45,"column":9}},"loc":{"start":{"line":45,"column":40},"end":{"line":157,"column":5}}},"6":{"name":"(anonymous_7)","decl":{"start":{"line":68,"column":50},"end":{"line":68,"column":51}},"loc":{"start":{"line":68,"column":55},"end":{"line":68,"column":87}}},"7":{"name":"(anonymous_8)","decl":{"start":{"line":116,"column":47},"end":{"line":116,"column":48}},"loc":{"start":{"line":116,"column":52},"end":{"line":116,"column":80}}}},"branchMap":{"0":{"loc":{"start":{"line":21,"column":8},"end":{"line":23,"column":9}},"type":"if","locations":[{"start":{"line":21,"column":8},"end":{"line":23,"column":9}}]},"1":{"loc":{"start":{"line":24,"column":8},"end":{"line":26,"column":9}},"type":"if","locations":[{"start":{"line":24,"column":8},"end":{"line":26,"column":9}}]},"2":{"loc":{"start":{"line":35,"column":8},"end":{"line":37,"column":9}},"type":"if","locations":[{"start":{"line":35,"column":8},"end":{"line":37,"column":9}}]},"3":{"loc":{"start":{"line":45,"column":15},"end":{"line":45,"column":40}},"type":"default-arg","locations":[{"start":{"line":45,"column":38},"end":{"line":45,"column":40}}]},"4":{"loc":{"start":{"line":47,"column":8},"end":{"line":49,"column":9}},"type":"if","locations":[{"start":{"line":47,"column":8},"end":{"line":49,"column":9}}]},"5":{"loc":{"start":{"line":56,"column":20},"end":{"line":56,"column":37}},"type":"default-arg","locations":[{"start":{"line":56,"column":35},"end":{"line":56,"column":37}}]},"6":{"loc":{"start":{"line":57,"column":12},"end":{"line":57,"column":24}},"type":"default-arg","locations":[{"start":{"line":57,"column":22},"end":{"line":57,"column":24}}]},"7":{"loc":{"start":{"line":59,"column":12},"end":{"line":59,"column":35}},"type":"default-arg","locations":[{"start":{"line":59,"column":30},"end":{"line":59,"column":35}}]},"8":{"loc":{"start":{"line":62,"column":8},"end":{"line":64,"column":9}},"type":"if","locations":[{"start":{"line":62,"column":8},"end":{"line":64,"column":9}}]},"9":{"loc":{"start":{"line":70,"column":12},"end":{"line":72,"column":13}},"type":"if","locations":[{"start":{"line":70,"column":12},"end":{"line":72,"column":13}}]},"10":{"loc":{"start":{"line":74,"column":12},"end":{"line":76,"column":13}},"type":"if","locations":[{"start":{"line":74,"column":12},"end":{"line":76,"column":13}}]},"11":{"loc":{"start":{"line":95,"column":8},"end":{"line":105,"column":9}},"type":"if","locations":[{"start":{"line":95,"column":8},"end":{"line":105,"column":9}}]},"12":{"loc":{"start":{"line":102,"column":12},"end":{"line":104,"column":13}},"type":"if","locations":[{"start":{"line":102,"column":12},"end":{"line":104,"column":13}}]},"13":{"loc":{"start":{"line":102,"column":16},"end":{"line":102,"column":48}},"type":"binary-expr","locations":[{"start":{"line":102,"column":16},"end":{"line":102,"column":20}},{"start":{"line":102,"column":24},"end":{"line":102,"column":48}}]},"14":{"loc":{"start":{"line":129,"column":8},"end":{"line":134,"column":9}},"type":"if","locations":[{"start":{"line":129,"column":8},"end":{"line":134,"column":9}}]},"15":{"loc":{"start":{"line":145,"column":8},"end":{"line":152,"column":9}},"type":"if","locations":[{"start":{"line":145,"column":8},"end":{"line":152,"column":9}}]},"16":{"loc":{"start":{"line":146,"column":12},"end":{"line":151,"column":13}},"type":"if","locations":[{"start":{"line":146,"column":12},"end":{"line":151,"column":13}},{"start":{"line":148,"column":19},"end":{"line":151,"column":13}}]}},"s":{"0":4,"1":4,"2":4,"3":4,"4":4,"5":4,"6":4,"7":24,"8":24,"9":24,"10":343,"11":57,"12":286,"13":286,"14":0,"15":0,"16":142,"17":3,"18":139,"19":1,"20":23,"21":0,"22":23,"23":23,"24":23,"25":0,"26":23,"27":23,"28":1,"29":23,"30":1,"31":0,"32":1,"33":1,"34":0,"35":23,"36":23,"37":23,"38":23,"39":23,"40":23,"41":23,"42":23,"43":17,"44":17,"45":17,"46":17,"47":23,"48":23,"49":23,"50":23,"51":23,"52":23,"53":1,"54":23,"55":0,"56":0,"57":0,"58":23,"59":0,"60":0,"61":23,"62":23,"63":23,"64":23,"65":23,"66":23,"67":23,"68":23,"69":0,"70":0,"71":0,"72":0,"73":23,"74":23,"75":4},"f":{"0":24,"1":343,"2":0,"3":142,"4":1,"5":23,"6":1,"7":1},"b":{"0":[57],"1":[286],"2":[3],"3":[3],"4":[0],"5":[4],"6":[22],"7":[17],"8":[0],"9":[0],"10":[0],"11":[17],"12":[17],"13":[17,17],"14":[0],"15":[0],"16":[0,0]}}
,"/mnt/97fb2f28-9f80-45b1-996a-6cffbde28b5a/www/luminix/js-core/src/facades/Auth.ts": {"path":"/mnt/97fb2f28-9f80-45b1-996a-6cffbde28b5a/www/luminix/js-core/src/facades/Auth.ts","statementMap":{"0":{"start":{"line":3,"column":0},"end":{"line":3,"column":26}},"1":{"start":{"line":14,"column":8},"end":{"line":14,"column":null}},"2":{"start":{"line":11,"column":12},"end":{"line":11,"column":null}},"3":{"start":{"line":18,"column":33},"end":{"line":21,"column":10}},"4":{"start":{"line":23,"column":8},"end":{"line":25,"column":9}},"5":{"start":{"line":24,"column":12},"end":{"line":24,"column":44}},"6":{"start":{"line":28,"column":23},"end":{"line":28,"column":46}},"7":{"start":{"line":30,"column":8},"end":{"line":32,"column":9}},"8":{"start":{"line":31,"column":12},"end":{"line":31,"column":68}},"9":{"start":{"line":34,"column":8},"end":{"line":34,"column":20}},"10":{"start":{"line":38,"column":23},"end":{"line":38,"column":46}},"11":{"start":{"line":40,"column":8},"end":{"line":40,"column":46}},"12":{"start":{"line":45,"column":21},"end":{"line":45,"column":51}},"13":{"start":{"line":47,"column":8},"end":{"line":47,"column":29}},"14":{"start":{"line":48,"column":8},"end":{"line":48,"column":59}},"15":{"start":{"line":49,"column":8},"end":{"line":49,"column":36}},"16":{"start":{"line":51,"column":22},"end":{"line":51,"column":53}},"17":{"start":{"line":52,"column":8},"end":{"line":52,"column":30}},"18":{"start":{"line":53,"column":8},"end":{"line":53,"column":30}},"19":{"start":{"line":54,"column":8},"end":{"line":54,"column":25}},"20":{"start":{"line":56,"column":8},"end":{"line":56,"column":32}},"21":{"start":{"line":57,"column":8},"end":{"line":57,"column":40}},"22":{"start":{"line":59,"column":8},"end":{"line":59,"column":22}},"23":{"start":{"line":63,"column":8},"end":{"line":74,"column":9}},"24":{"start":{"line":64,"column":43},"end":{"line":64,"column":58}},"25":{"start":{"line":66,"column":25},"end":{"line":66,"column":48}},"26":{"start":{"line":67,"column":29},"end":{"line":67,"column":57}},"27":{"start":{"line":69,"column":12},"end":{"line":71,"column":13}},"28":{"start":{"line":70,"column":16},"end":{"line":70,"column":28}},"29":{"start":{"line":73,"column":12},"end":{"line":73,"column":44}},"30":{"start":{"line":75,"column":8},"end":{"line":75,"column":26}},"31":{"start":{"line":79,"column":8},"end":{"line":79,"column":36}},"32":{"start":{"line":9,"column":0},"end":{"line":9,"column":21}}},"fnMap":{"0":{"name":"(anonymous_1)","decl":{"start":{"line":13,"column":4},"end":{"line":13,"column":null}},"loc":{"start":{"line":14,"column":39},"end":{"line":15,"column":9}}},"1":{"name":"(anonymous_2)","decl":{"start":{"line":17,"column":4},"end":{"line":17,"column":9}},"loc":{"start":{"line":17,"column":73},"end":{"line":35,"column":5}}},"2":{"name":"(anonymous_3)","decl":{"start":{"line":37,"column":4},"end":{"line":37,"column":9}},"loc":{"start":{"line":37,"column":9},"end":{"line":41,"column":5}}},"3":{"name":"(anonymous_4)","decl":{"start":{"line":43,"column":4},"end":{"line":43,"column":10}},"loc":{"start":{"line":43,"column":10},"end":{"line":60,"column":5}}},"4":{"name":"(anonymous_5)","decl":{"start":{"line":62,"column":4},"end":{"line":62,"column":8}},"loc":{"start":{"line":62,"column":8},"end":{"line":76,"column":5}}},"5":{"name":"(anonymous_6)","decl":{"start":{"line":78,"column":4},"end":{"line":78,"column":6}},"loc":{"start":{"line":78,"column":6},"end":{"line":80,"column":5}}}},"branchMap":{"0":{"loc":{"start":{"line":17,"column":48},"end":{"line":17,"column":73}},"type":"default-arg","locations":[{"start":{"line":17,"column":68},"end":{"line":17,"column":73}}]},"1":{"loc":{"start":{"line":23,"column":8},"end":{"line":25,"column":9}},"type":"if","locations":[{"start":{"line":23,"column":8},"end":{"line":25,"column":9}}]},"2":{"loc":{"start":{"line":30,"column":8},"end":{"line":32,"column":9}},"type":"if","locations":[{"start":{"line":30,"column":8},"end":{"line":32,"column":9}}]},"3":{"loc":{"start":{"line":63,"column":8},"end":{"line":74,"column":9}},"type":"if","locations":[{"start":{"line":63,"column":8},"end":{"line":74,"column":9}}]},"4":{"loc":{"start":{"line":69,"column":12},"end":{"line":71,"column":13}},"type":"if","locations":[{"start":{"line":69,"column":12},"end":{"line":71,"column":13}}]},"5":{"loc":{"start":{"line":79,"column":15},"end":{"line":79,"column":35}},"type":"binary-expr","locations":[{"start":{"line":79,"column":15},"end":{"line":79,"column":30}},{"start":{"line":79,"column":34},"end":{"line":79,"column":35}}]}},"s":{"0":4,"1":23,"2":23,"3":1,"4":1,"5":0,"6":1,"7":1,"8":0,"9":1,"10":2,"11":2,"12":1,"13":1,"14":1,"15":1,"16":1,"17":1,"18":1,"19":1,"20":1,"21":1,"22":1,"23":3,"24":3,"25":3,"26":3,"27":3,"28":1,"29":2,"30":2,"31":2,"32":4},"f":{"0":23,"1":1,"2":2,"3":1,"4":3,"5":2},"b":{"0":[0],"1":[0],"2":[0],"3":[3],"4":[1],"5":[2,1]}}
,"/mnt/97fb2f28-9f80-45b1-996a-6cffbde28b5a/www/luminix/js-core/src/facades/Config.ts": {"path":"/mnt/97fb2f28-9f80-45b1-996a-6cffbde28b5a/www/luminix/js-core/src/facades/Config.ts","statementMap":{"0":{"start":{"line":1,"column":0},"end":{"line":1,"column":89}},"1":{"start":{"line":10,"column":8},"end":{"line":10,"column":null}},"2":{"start":{"line":11,"column":8},"end":{"line":11,"column":null}},"3":{"start":{"line":7,"column":12},"end":{"line":7,"column":null}},"4":{"start":{"line":17,"column":8},"end":{"line":19,"column":9}},"5":{"start":{"line":18,"column":12},"end":{"line":18,"column":54}},"6":{"start":{"line":20,"column":8},"end":{"line":20,"column":28}},"7":{"start":{"line":24,"column":8},"end":{"line":27,"column":9}},"8":{"start":{"line":24,"column":40},"end":{"line":24,"column":61}},"9":{"start":{"line":25,"column":12},"end":{"line":25,"column":54}},"10":{"start":{"line":26,"column":12},"end":{"line":26,"column":19}},"11":{"start":{"line":28,"column":8},"end":{"line":28,"column":92}},"12":{"start":{"line":32,"column":8},"end":{"line":35,"column":9}},"13":{"start":{"line":32,"column":39},"end":{"line":32,"column":60}},"14":{"start":{"line":33,"column":12},"end":{"line":33,"column":96}},"15":{"start":{"line":34,"column":12},"end":{"line":34,"column":19}},"16":{"start":{"line":37,"column":29},"end":{"line":37,"column":43}},"17":{"start":{"line":39,"column":8},"end":{"line":44,"column":9}},"18":{"start":{"line":40,"column":12},"end":{"line":43,"column":15}},"19":{"start":{"line":46,"column":8},"end":{"line":48,"column":9}},"20":{"start":{"line":47,"column":12},"end":{"line":47,"column":41}},"21":{"start":{"line":50,"column":8},"end":{"line":52,"column":11}},"22":{"start":{"line":56,"column":8},"end":{"line":56,"column":53}},"23":{"start":{"line":60,"column":8},"end":{"line":60,"column":27}},"24":{"start":{"line":64,"column":8},"end":{"line":67,"column":9}},"25":{"start":{"line":64,"column":39},"end":{"line":64,"column":60}},"26":{"start":{"line":65,"column":12},"end":{"line":65,"column":86}},"27":{"start":{"line":66,"column":12},"end":{"line":66,"column":19}},"28":{"start":{"line":68,"column":8},"end":{"line":68,"column":54}},"29":{"start":{"line":72,"column":8},"end":{"line":74,"column":9}},"30":{"start":{"line":72,"column":61},"end":{"line":72,"column":82}},"31":{"start":{"line":73,"column":12},"end":{"line":73,"column":19}},"32":{"start":{"line":75,"column":8},"end":{"line":75,"column":31}},"33":{"start":{"line":5,"column":0},"end":{"line":5,"column":21}}},"fnMap":{"0":{"name":"(anonymous_0)","decl":{"start":{"line":9,"column":4},"end":{"line":9,"column":null}},"loc":{"start":{"line":11,"column":39},"end":{"line":14,"column":5}}},"1":{"name":"(anonymous_1)","decl":{"start":{"line":16,"column":4},"end":{"line":16,"column":7}},"loc":{"start":{"line":16,"column":40},"end":{"line":21,"column":5}}},"2":{"name":"(anonymous_2)","decl":{"start":{"line":23,"column":4},"end":{"line":23,"column":7}},"loc":{"start":{"line":23,"column":32},"end":{"line":29,"column":5}}},"3":{"name":"(anonymous_3)","decl":{"start":{"line":24,"column":30},"end":{"line":24,"column":31}},"loc":{"start":{"line":24,"column":40},"end":{"line":24,"column":61}}},"4":{"name":"(anonymous_4)","decl":{"start":{"line":31,"column":4},"end":{"line":31,"column":9}},"loc":{"start":{"line":31,"column":34},"end":{"line":53,"column":5}}},"5":{"name":"(anonymous_5)","decl":{"start":{"line":32,"column":29},"end":{"line":32,"column":30}},"loc":{"start":{"line":32,"column":39},"end":{"line":32,"column":60}}},"6":{"name":"(anonymous_6)","decl":{"start":{"line":55,"column":4},"end":{"line":55,"column":7}},"loc":{"start":{"line":55,"column":20},"end":{"line":57,"column":5}}},"7":{"name":"(anonymous_7)","decl":{"start":{"line":59,"column":4},"end":{"line":59,"column":7}},"loc":{"start":{"line":59,"column":7},"end":{"line":61,"column":5}}},"8":{"name":"(anonymous_8)","decl":{"start":{"line":63,"column":4},"end":{"line":63,"column":10}},"loc":{"start":{"line":63,"column":23},"end":{"line":69,"column":5}}},"9":{"name":"(anonymous_9)","decl":{"start":{"line":64,"column":29},"end":{"line":64,"column":30}},"loc":{"start":{"line":64,"column":39},"end":{"line":64,"column":60}}},"10":{"name":"(anonymous_10)","decl":{"start":{"line":71,"column":4},"end":{"line":71,"column":8}},"loc":{"start":{"line":71,"column":21},"end":{"line":76,"column":5}}},"11":{"name":"(anonymous_11)","decl":{"start":{"line":72,"column":51},"end":{"line":72,"column":52}},"loc":{"start":{"line":72,"column":61},"end":{"line":72,"column":82}}}},"branchMap":{"0":{"loc":{"start":{"line":10,"column":25},"end":{"line":10,"column":54}},"type":"default-arg","locations":[{"start":{"line":10,"column":52},"end":{"line":10,"column":54}}]},"1":{"loc":{"start":{"line":17,"column":8},"end":{"line":19,"column":9}},"type":"if","locations":[{"start":{"line":17,"column":8},"end":{"line":19,"column":9}}]},"2":{"loc":{"start":{"line":24,"column":8},"end":{"line":27,"column":9}},"type":"if","locations":[{"start":{"line":24,"column":8},"end":{"line":27,"column":9}}]},"3":{"loc":{"start":{"line":32,"column":8},"end":{"line":35,"column":9}},"type":"if","locations":[{"start":{"line":32,"column":8},"end":{"line":35,"column":9}}]},"4":{"loc":{"start":{"line":39,"column":8},"end":{"line":44,"column":9}},"type":"if","locations":[{"start":{"line":39,"column":8},"end":{"line":44,"column":9}}]},"5":{"loc":{"start":{"line":39,"column":12},"end":{"line":39,"column":69}},"type":"binary-expr","locations":[{"start":{"line":39,"column":12},"end":{"line":39,"column":44}},{"start":{"line":39,"column":48},"end":{"line":39,"column":69}}]},"6":{"loc":{"start":{"line":46,"column":8},"end":{"line":48,"column":9}},"type":"if","locations":[{"start":{"line":46,"column":8},"end":{"line":48,"column":9}}]},"7":{"loc":{"start":{"line":46,"column":12},"end":{"line":46,"column":72}},"type":"binary-expr","locations":[{"start":{"line":46,"column":12},"end":{"line":46,"column":33}},{"start":{"line":46,"column":37},"end":{"line":46,"column":72}}]},"8":{"loc":{"start":{"line":64,"column":8},"end":{"line":67,"column":9}},"type":"if","locations":[{"start":{"line":64,"column":8},"end":{"line":67,"column":9}}]},"9":{"loc":{"start":{"line":72,"column":8},"end":{"line":74,"column":9}},"type":"if","locations":[{"start":{"line":72,"column":8},"end":{"line":74,"column":9}}]},"10":{"loc":{"start":{"line":72,"column":12},"end":{"line":72,"column":83}},"type":"binary-expr","locations":[{"start":{"line":72,"column":12},"end":{"line":72,"column":30}},{"start":{"line":72,"column":34},"end":{"line":72,"column":83}}]}},"s":{"0":4,"1":23,"2":23,"3":23,"4":366,"5":280,"6":86,"7":21,"8":5,"9":20,"10":20,"11":1,"12":18,"13":1,"14":0,"15":0,"16":18,"17":18,"18":14,"19":4,"20":4,"21":0,"22":0,"23":23,"24":1,"25":1,"26":0,"27":0,"28":1,"29":24,"30":1,"31":0,"32":24,"33":4},"f":{"0":23,"1":366,"2":21,"3":5,"4":18,"5":1,"6":0,"7":23,"8":1,"9":1,"10":24,"11":1},"b":{"0":[0],"1":[280],"2":[20],"3":[0],"4":[14],"5":[18,14],"6":[4],"7":[4,4],"8":[0],"9":[0],"10":[24,1]}}
,"/mnt/97fb2f28-9f80-45b1-996a-6cffbde28b5a/www/luminix/js-core/src/facades/Log.ts": {"path":"/mnt/97fb2f28-9f80-45b1-996a-6cffbde28b5a/www/luminix/js-core/src/facades/Log.ts","statementMap":{"0":{"start":{"line":7,"column":8},"end":{"line":7,"column":null}},"1":{"start":{"line":12,"column":8},"end":{"line":14,"column":9}},"2":{"start":{"line":13,"column":12},"end":{"line":13,"column":35}},"3":{"start":{"line":18,"column":8},"end":{"line":20,"column":9}},"4":{"start":{"line":19,"column":12},"end":{"line":19,"column":35}},"5":{"start":{"line":24,"column":8},"end":{"line":26,"column":9}},"6":{"start":{"line":25,"column":12},"end":{"line":25,"column":35}},"7":{"start":{"line":30,"column":8},"end":{"line":32,"column":9}},"8":{"start":{"line":31,"column":12},"end":{"line":31,"column":35}},"9":{"start":{"line":36,"column":8},"end":{"line":38,"column":9}},"10":{"start":{"line":37,"column":12},"end":{"line":37,"column":34}},"11":{"start":{"line":42,"column":8},"end":{"line":44,"column":9}},"12":{"start":{"line":43,"column":12},"end":{"line":43,"column":34}},"13":{"start":{"line":48,"column":8},"end":{"line":50,"column":9}},"14":{"start":{"line":49,"column":12},"end":{"line":49,"column":34}},"15":{"start":{"line":54,"column":8},"end":{"line":56,"column":9}},"16":{"start":{"line":55,"column":12},"end":{"line":55,"column":35}},"17":{"start":{"line":4,"column":0},"end":{"line":4,"column":21}}},"fnMap":{"0":{"name":"(anonymous_0)","decl":{"start":{"line":6,"column":4},"end":{"line":6,"column":null}},"loc":{"start":{"line":7,"column":30},"end":{"line":9,"column":5}}},"1":{"name":"(anonymous_1)","decl":{"start":{"line":11,"column":11},"end":{"line":11,"column":20}},"loc":{"start":{"line":11,"column":35},"end":{"line":15,"column":5}}},"2":{"name":"(anonymous_2)","decl":{"start":{"line":17,"column":11},"end":{"line":17,"column":16}},"loc":{"start":{"line":17,"column":31},"end":{"line":21,"column":5}}},"3":{"name":"(anonymous_3)","decl":{"start":{"line":23,"column":11},"end":{"line":23,"column":19}},"loc":{"start":{"line":23,"column":34},"end":{"line":27,"column":5}}},"4":{"name":"(anonymous_4)","decl":{"start":{"line":29,"column":11},"end":{"line":29,"column":16}},"loc":{"start":{"line":29,"column":31},"end":{"line":33,"column":5}}},"5":{"name":"(anonymous_5)","decl":{"start":{"line":35,"column":11},"end":{"line":35,"column":18}},"loc":{"start":{"line":35,"column":33},"end":{"line":39,"column":5}}},"6":{"name":"(anonymous_6)","decl":{"start":{"line":41,"column":11},"end":{"line":41,"column":17}},"loc":{"start":{"line":41,"column":32},"end":{"line":45,"column":5}}},"7":{"name":"(anonymous_7)","decl":{"start":{"line":47,"column":11},"end":{"line":47,"column":15}},"loc":{"start":{"line":47,"column":30},"end":{"line":51,"column":5}}},"8":{"name":"(anonymous_8)","decl":{"start":{"line":53,"column":11},"end":{"line":53,"column":16}},"loc":{"start":{"line":53,"column":31},"end":{"line":57,"column":5}}}},"branchMap":{"0":{"loc":{"start":{"line":12,"column":8},"end":{"line":14,"column":9}},"type":"if","locations":[{"start":{"line":12,"column":8},"end":{"line":14,"column":9}}]},"1":{"loc":{"start":{"line":18,"column":8},"end":{"line":20,"column":9}},"type":"if","locations":[{"start":{"line":18,"column":8},"end":{"line":20,"column":9}}]},"2":{"loc":{"start":{"line":24,"column":8},"end":{"line":26,"column":9}},"type":"if","locations":[{"start":{"line":24,"column":8},"end":{"line":26,"column":9}}]},"3":{"loc":{"start":{"line":30,"column":8},"end":{"line":32,"column":9}},"type":"if","locations":[{"start":{"line":30,"column":8},"end":{"line":32,"column":9}}]},"4":{"loc":{"start":{"line":36,"column":8},"end":{"line":38,"column":9}},"type":"if","locations":[{"start":{"line":36,"column":8},"end":{"line":38,"column":9}}]},"5":{"loc":{"start":{"line":42,"column":8},"end":{"line":44,"column":9}},"type":"if","locations":[{"start":{"line":42,"column":8},"end":{"line":44,"column":9}}]},"6":{"loc":{"start":{"line":48,"column":8},"end":{"line":50,"column":9}},"type":"if","locations":[{"start":{"line":48,"column":8},"end":{"line":50,"column":9}}]},"7":{"loc":{"start":{"line":54,"column":8},"end":{"line":56,"column":9}},"type":"if","locations":[{"start":{"line":54,"column":8},"end":{"line":56,"column":9}}]}},"s":{"0":23,"1":0,"2":0,"3":0,"4":0,"5":0,"6":0,"7":0,"8":0,"9":1,"10":0,"11":0,"12":0,"13":201,"14":0,"15":0,"16":0,"17":4},"f":{"0":23,"1":0,"2":0,"3":0,"4":0,"5":1,"6":0,"7":201,"8":0},"b":{"0":[0],"1":[0],"2":[0],"3":[0],"4":[0],"5":[0],"6":[0],"7":[0]}}
,"/mnt/97fb2f28-9f80-45b1-996a-6cffbde28b5a/www/luminix/js-core/src/facades/Macro.ts": {"path":"/mnt/97fb2f28-9f80-45b1-996a-6cffbde28b5a/www/luminix/js-core/src/facades/Macro.ts","statementMap":{"0":{"start":{"line":5,"column":12},"end":{"line":5,"column":null}},"1":{"start":{"line":6,"column":12},"end":{"line":6,"column":null}},"2":{"start":{"line":9,"column":8},"end":{"line":9,"column":58}},"3":{"start":{"line":13,"column":8},"end":{"line":13,"column":58}},"4":{"start":{"line":17,"column":24},"end":{"line":17,"column":77}},"5":{"start":{"line":17,"column":54},"end":{"line":17,"column":76}},"6":{"start":{"line":18,"column":8},"end":{"line":18,"column":56}},"7":{"start":{"line":18,"column":31},"end":{"line":18,"column":54}},"8":{"start":{"line":19,"column":8},"end":{"line":19,"column":58}},"9":{"start":{"line":19,"column":34},"end":{"line":19,"column":56}},"10":{"start":{"line":23,"column":24},"end":{"line":23,"column":77}},"11":{"start":{"line":23,"column":54},"end":{"line":23,"column":76}},"12":{"start":{"line":25,"column":8},"end":{"line":27,"column":75}},"13":{"start":{"line":26,"column":28},"end":{"line":26,"column":51}},"14":{"start":{"line":27,"column":37},"end":{"line":27,"column":66}},"15":{"start":{"line":32,"column":8},"end":{"line":32,"column":119}},"16":{"start":{"line":32,"column":61},"end":{"line":32,"column":113}},"17":{"start":{"line":37,"column":8},"end":{"line":37,"column":119}},"18":{"start":{"line":37,"column":61},"end":{"line":37,"column":113}},"19":{"start":{"line":41,"column":8},"end":{"line":43,"column":9}},"20":{"start":{"line":42,"column":12},"end":{"line":42,"column":73}},"21":{"start":{"line":42,"column":49},"end":{"line":42,"column":71}},"22":{"start":{"line":44,"column":8},"end":{"line":44,"column":28}},"23":{"start":{"line":48,"column":8},"end":{"line":50,"column":9}},"24":{"start":{"line":49,"column":12},"end":{"line":49,"column":73}},"25":{"start":{"line":49,"column":49},"end":{"line":49,"column":71}},"26":{"start":{"line":51,"column":8},"end":{"line":51,"column":28}},"27":{"start":{"line":55,"column":8},"end":{"line":55,"column":67}},"28":{"start":{"line":55,"column":43},"end":{"line":55,"column":65}},"29":{"start":{"line":59,"column":8},"end":{"line":59,"column":67}},"30":{"start":{"line":59,"column":43},"end":{"line":59,"column":65}},"31":{"start":{"line":63,"column":8},"end":{"line":65,"column":9}},"32":{"start":{"line":64,"column":12},"end":{"line":64,"column":93}},"33":{"start":{"line":64,"column":65},"end":{"line":64,"column":87}},"34":{"start":{"line":69,"column":8},"end":{"line":71,"column":9}},"35":{"start":{"line":70,"column":12},"end":{"line":70,"column":93}},"36":{"start":{"line":70,"column":65},"end":{"line":70,"column":87}},"37":{"start":{"line":3,"column":0},"end":{"line":3,"column":21}}},"fnMap":{"0":{"name":"(anonymous_0)","decl":{"start":{"line":3,"column":0},"end":{"line":3,"column":21}},"loc":{"start":{"line":3,"column":0},"end":{"line":74,"column":1}}},"1":{"name":"(anonymous_1)","decl":{"start":{"line":8,"column":4},"end":{"line":8,"column":13}},"loc":{"start":{"line":8,"column":82},"end":{"line":10,"column":5}}},"2":{"name":"(anonymous_2)","decl":{"start":{"line":12,"column":4},"end":{"line":12,"column":13}},"loc":{"start":{"line":12,"column":94},"end":{"line":14,"column":5}}},"3":{"name":"(anonymous_3)","decl":{"start":{"line":16,"column":4},"end":{"line":16,"column":12}},"loc":{"start":{"line":16,"column":43},"end":{"line":20,"column":5}}},"4":{"name":"(anonymous_4)","decl":{"start":{"line":17,"column":44},"end":{"line":17,"column":45}},"loc":{"start":{"line":17,"column":54},"end":{"line":17,"column":76}}},"5":{"name":"(anonymous_5)","decl":{"start":{"line":18,"column":21},"end":{"line":18,"column":22}},"loc":{"start":{"line":18,"column":31},"end":{"line":18,"column":54}}},"6":{"name":"(anonymous_6)","decl":{"start":{"line":19,"column":24},"end":{"line":19,"column":25}},"loc":{"start":{"line":19,"column":34},"end":{"line":19,"column":56}}},"7":{"name":"(anonymous_7)","decl":{"start":{"line":22,"column":4},"end":{"line":22,"column":16}},"loc":{"start":{"line":22,"column":59},"end":{"line":28,"column":5}}},"8":{"name":"(anonymous_8)","decl":{"start":{"line":23,"column":44},"end":{"line":23,"column":45}},"loc":{"start":{"line":23,"column":54},"end":{"line":23,"column":76}}},"9":{"name":"(anonymous_9)","decl":{"start":{"line":26,"column":18},"end":{"line":26,"column":19}},"loc":{"start":{"line":26,"column":28},"end":{"line":26,"column":51}}},"10":{"name":"(anonymous_10)","decl":{"start":{"line":27,"column":20},"end":{"line":27,"column":21}},"loc":{"start":{"line":27,"column":37},"end":{"line":27,"column":66}}},"11":{"name":"(anonymous_11)","decl":{"start":{"line":30,"column":4},"end":{"line":30,"column":16}},"loc":{"start":{"line":30,"column":62},"end":{"line":33,"column":5}}},"12":{"name":"(anonymous_12)","decl":{"start":{"line":32,"column":51},"end":{"line":32,"column":52}},"loc":{"start":{"line":32,"column":61},"end":{"line":32,"column":113}}},"13":{"name":"(anonymous_13)","decl":{"start":{"line":35,"column":4},"end":{"line":35,"column":16}},"loc":{"start":{"line":35,"column":72},"end":{"line":38,"column":5}}},"14":{"name":"(anonymous_14)","decl":{"start":{"line":37,"column":51},"end":{"line":37,"column":52}},"loc":{"start":{"line":37,"column":61},"end":{"line":37,"column":113}}},"15":{"name":"(anonymous_15)","decl":{"start":{"line":40,"column":4},"end":{"line":40,"column":14}},"loc":{"start":{"line":40,"column":30},"end":{"line":45,"column":5}}},"16":{"name":"(anonymous_16)","decl":{"start":{"line":42,"column":39},"end":{"line":42,"column":40}},"loc":{"start":{"line":42,"column":49},"end":{"line":42,"column":71}}},"17":{"name":"(anonymous_17)","decl":{"start":{"line":47,"column":4},"end":{"line":47,"column":14}},"loc":{"start":{"line":47,"column":30},"end":{"line":52,"column":5}}},"18":{"name":"(anonymous_18)","decl":{"start":{"line":49,"column":39},"end":{"line":49,"column":40}},"loc":{"start":{"line":49,"column":49},"end":{"line":49,"column":71}}},"19":{"name":"(anonymous_19)","decl":{"start":{"line":54,"column":4},"end":{"line":54,"column":13}},"loc":{"start":{"line":54,"column":28},"end":{"line":56,"column":5}}},"20":{"name":"(anonymous_20)","decl":{"start":{"line":55,"column":33},"end":{"line":55,"column":34}},"loc":{"start":{"line":55,"column":43},"end":{"line":55,"column":65}}},"21":{"name":"(anonymous_21)","decl":{"start":{"line":58,"column":4},"end":{"line":58,"column":13}},"loc":{"start":{"line":58,"column":28},"end":{"line":60,"column":5}}},"22":{"name":"(anonymous_22)","decl":{"start":{"line":59,"column":33},"end":{"line":59,"column":34}},"loc":{"start":{"line":59,"column":43},"end":{"line":59,"column":65}}},"23":{"name":"(anonymous_23)","decl":{"start":{"line":62,"column":4},"end":{"line":62,"column":16}},"loc":{"start":{"line":62,"column":31},"end":{"line":66,"column":5}}},"24":{"name":"(anonymous_24)","decl":{"start":{"line":64,"column":55},"end":{"line":64,"column":56}},"loc":{"start":{"line":64,"column":65},"end":{"line":64,"column":87}}},"25":{"name":"(anonymous_25)","decl":{"start":{"line":68,"column":4},"end":{"line":68,"column":16}},"loc":{"start":{"line":68,"column":31},"end":{"line":72,"column":5}}},"26":{"name":"(anonymous_26)","decl":{"start":{"line":70,"column":55},"end":{"line":70,"column":56}},"loc":{"start":{"line":70,"column":65},"end":{"line":70,"column":87}}}},"branchMap":{"0":{"loc":{"start":{"line":8,"column":61},"end":{"line":8,"column":82}},"type":"default-arg","locations":[{"start":{"line":8,"column":80},"end":{"line":8,"column":82}}]},"1":{"loc":{"start":{"line":12,"column":73},"end":{"line":12,"column":94}},"type":"default-arg","locations":[{"start":{"line":12,"column":92},"end":{"line":12,"column":94}}]},"2":{"loc":{"start":{"line":32,"column":61},"end":{"line":32,"column":113}},"type":"binary-expr","locations":[{"start":{"line":32,"column":61},"end":{"line":32,"column":83}},{"start":{"line":32,"column":87},"end":{"line":32,"column":113}}]},"3":{"loc":{"start":{"line":37,"column":61},"end":{"line":37,"column":113}},"type":"binary-expr","locations":[{"start":{"line":37,"column":61},"end":{"line":37,"column":83}},{"start":{"line":37,"column":87},"end":{"line":37,"column":113}}]},"4":{"loc":{"start":{"line":41,"column":8},"end":{"line":43,"column":9}},"type":"if","locations":[{"start":{"line":41,"column":8},"end":{"line":43,"column":9}}]},"5":{"loc":{"start":{"line":48,"column":8},"end":{"line":50,"column":9}},"type":"if","locations":[{"start":{"line":48,"column":8},"end":{"line":50,"column":9}}]}},"s":{"0":23,"1":23,"2":0,"3":0,"4":50,"5":0,"6":50,"7":0,"8":50,"9":0,"10":18,"11":0,"12":18,"13":0,"14":0,"15":0,"16":0,"17":0,"18":0,"19":22,"20":0,"21":0,"22":22,"23":22,"24":0,"25":0,"26":22,"27":12,"28":0,"29":0,"30":0,"31":0,"32":0,"33":0,"34":0,"35":0,"36":0,"37":4},"f":{"0":23,"1":0,"2":0,"3":50,"4":0,"5":0,"6":0,"7":18,"8":0,"9":0,"10":0,"11":0,"12":0,"13":0,"14":0,"15":22,"16":0,"17":22,"18":0,"19":12,"20":0,"21":0,"22":0,"23":0,"24":0,"25":0,"26":0},"b":{"0":[0],"1":[0],"2":[0,0],"3":[0,0],"4":[0],"5":[0]}}
,"/mnt/97fb2f28-9f80-45b1-996a-6cffbde28b5a/www/luminix/js-core/src/facades/Repository.ts": {"path":"/mnt/97fb2f28-9f80-45b1-996a-6cffbde28b5a/www/luminix/js-core/src/facades/Repository.ts","statementMap":{"0":{"start":{"line":5,"column":0},"end":{"line":5,"column":47}},"1":{"start":{"line":7,"column":0},"end":{"line":7,"column":26}},"2":{"start":{"line":8,"column":0},"end":{"line":8,"column":23}},"3":{"start":{"line":18,"column":8},"end":{"line":18,"column":null}},"4":{"start":{"line":14,"column":12},"end":{"line":14,"column":null}},"5":{"start":{"line":15,"column":12},"end":{"line":15,"column":null}},"6":{"start":{"line":209,"column":13},"end":{"line":220,"column":null}},"7":{"start":{"line":210,"column":8},"end":{"line":212,"column":9}},"8":{"start":{"line":211,"column":12},"end":{"line":211,"column":74}},"9":{"start":{"line":214,"column":8},"end":{"line":216,"column":9}},"10":{"start":{"line":215,"column":12},"end":{"line":215,"column":43}},"11":{"start":{"line":218,"column":8},"end":{"line":218,"column":28}},"12":{"start":{"line":223,"column":13},"end":{"line":233,"column":null}},"13":{"start":{"line":224,"column":8},"end":{"line":226,"column":9}},"14":{"start":{"line":225,"column":12},"end":{"line":225,"column":69}},"15":{"start":{"line":228,"column":8},"end":{"line":230,"column":9}},"16":{"start":{"line":229,"column":12},"end":{"line":229,"column":32}},"17":{"start":{"line":232,"column":8},"end":{"line":232,"column":39}},"18":{"start":{"line":20,"column":23},"end":{"line":20,"column":46}},"19":{"start":{"line":21,"column":8},"end":{"line":21,"column":49}},"20":{"start":{"line":24,"column":8},"end":{"line":24,"column":27}},"21":{"start":{"line":32,"column":20},"end":{"line":32,"column":28}},"22":{"start":{"line":34,"column":8},"end":{"line":197,"column":null}},"23":{"start":{"line":44,"column":16},"end":{"line":44,"column":57}},"24":{"start":{"line":46,"column":16},"end":{"line":107,"column":19}},"25":{"start":{"line":49,"column":50},"end":{"line":49,"column":60}},"26":{"start":{"line":52,"column":24},"end":{"line":57,"column":25}},"27":{"start":{"line":53,"column":28},"end":{"line":55,"column":29}},"28":{"start":{"line":54,"column":32},"end":{"line":54,"column":65}},"29":{"start":{"line":56,"column":28},"end":{"line":56,"column":48}},"30":{"start":{"line":60,"column":24},"end":{"line":62,"column":25}},"31":{"start":{"line":61,"column":28},"end":{"line":61,"column":58}},"32":{"start":{"line":65,"column":24},"end":{"line":67,"column":25}},"33":{"start":{"line":66,"column":28},"end":{"line":66,"column":129}},"34":{"start":{"line":66,"column":115},"end":{"line":66,"column":119}},"35":{"start":{"line":69,"column":42},"end":{"line":71,"column":34}},"36":{"start":{"line":74,"column":24},"end":{"line":76,"column":25}},"37":{"start":{"line":75,"column":28},"end":{"line":75,"column":66}},"38":{"start":{"line":79,"column":24},"end":{"line":85,"column":25}},"39":{"start":{"line":80,"column":28},"end":{"line":84,"column":30}},"40":{"start":{"line":87,"column":24},"end":{"line":87,"column":44}},"41":{"start":{"line":91,"column":43},"end":{"line":91,"column":53}},"42":{"start":{"line":93,"column":42},"end":{"line":95,"column":34}},"43":{"start":{"line":97,"column":24},"end":{"line":103,"column":25}},"44":{"start":{"line":98,"column":28},"end":{"line":101,"column":30}},"45":{"start":{"line":102,"column":28},"end":{"line":102,"column":40}},"46":{"start":{"line":105,"column":24},"end":{"line":105,"column":98}},"47":{"start":{"line":111,"column":16},"end":{"line":111,"column":33}},"48":{"start":{"line":115,"column":16},"end":{"line":115,"column":64}},"49":{"start":{"line":119,"column":33},"end":{"line":119,"column":119}},"50":{"start":{"line":121,"column":30},"end":{"line":121,"column":68}},"51":{"start":{"line":123,"column":16},"end":{"line":126,"column":18}},"52":{"start":{"line":125,"column":55},"end":{"line":125,"column":70}},"53":{"start":{"line":130,"column":33},"end":{"line":130,"column":108}},"54":{"start":{"line":132,"column":30},"end":{"line":132,"column":68}},"55":{"start":{"line":134,"column":16},"end":{"line":134,"column":39}},"56":{"start":{"line":138,"column":30},"end":{"line":138,"column":68}},"57":{"start":{"line":139,"column":30},"end":{"line":139,"column":41}},"58":{"start":{"line":141,"column":16},"end":{"line":141,"column":39}},"59":{"start":{"line":143,"column":16},"end":{"line":143,"column":35}},"60":{"start":{"line":145,"column":16},"end":{"line":145,"column":29}},"61":{"start":{"line":149,"column":30},"end":{"line":149,"column":68}},"62":{"start":{"line":150,"column":30},"end":{"line":150,"column":47}},"63":{"start":{"line":152,"column":16},"end":{"line":152,"column":39}},"64":{"start":{"line":154,"column":16},"end":{"line":154,"column":35}},"65":{"start":{"line":156,"column":16},"end":{"line":156,"column":29}},"66":{"start":{"line":160,"column":30},"end":{"line":160,"column":68}},"67":{"start":{"line":161,"column":30},"end":{"line":161,"column":47}},"68":{"start":{"line":163,"column":16},"end":{"line":163,"column":38}},"69":{"start":{"line":167,"column":30},"end":{"line":167,"column":68}},"70":{"start":{"line":169,"column":30},"end":{"line":169,"column":47}},"71":{"start":{"line":171,"column":16},"end":{"line":171,"column":38}},"72":{"start":{"line":173,"column":16},"end":{"line":173,"column":29}},"73":{"start":{"line":177,"column":30},"end":{"line":177,"column":68}},"74":{"start":{"line":179,"column":30},"end":{"line":179,"column":47}},"75":{"start":{"line":181,"column":16},"end":{"line":181,"column":43}},"76":{"start":{"line":185,"column":16},"end":{"line":185,"column":115}},"77":{"start":{"line":189,"column":16},"end":{"line":189,"column":102}},"78":{"start":{"line":193,"column":16},"end":{"line":193,"column":120}},"79":{"start":{"line":201,"column":8},"end":{"line":203,"column":9}},"80":{"start":{"line":202,"column":12},"end":{"line":202,"column":19}},"81":{"start":{"line":204,"column":8},"end":{"line":206,"column":11}},"82":{"start":{"line":205,"column":12},"end":{"line":205,"column":69}},"83":{"start":{"line":12,"column":0},"end":{"line":12,"column":21}}},"fnMap":{"0":{"name":"(anonymous_1)","decl":{"start":{"line":17,"column":4},"end":{"line":17,"column":null}},"loc":{"start":{"line":18,"column":39},"end":{"line":27,"column":5}}},"1":{"name":"(anonymous_2)","decl":{"start":{"line":209,"column":23},"end":{"line":209,"column":24}},"loc":{"start":{"line":209,"column":46},"end":{"line":220,"column":5}}},"2":{"name":"(anonymous_3)","decl":{"start":{"line":223,"column":21},"end":{"line":223,"column":22}},"loc":{"start":{"line":223,"column":44},"end":{"line":233,"column":5}}},"3":{"name":"(anonymous_4)","decl":{"start":{"line":29,"column":12},"end":{"line":29,"column":26}},"loc":{"start":{"line":29,"column":44},"end":{"line":198,"column":5}}},"4":{"name":"(anonymous_5)","decl":{"start":{"line":43,"column":12},"end":{"line":43,"column":24}},"loc":{"start":{"line":43,"column":67},"end":{"line":108,"column":13}}},"5":{"name":"(anonymous_6)","decl":{"start":{"line":47,"column":25},"end":{"line":47,"column":26}},"loc":{"start":{"line":47,"column":61},"end":{"line":88,"column":21}}},"6":{"name":"(anonymous_7)","decl":{"start":{"line":66,"column":109},"end":{"line":66,"column":112}},"loc":{"start":{"line":66,"column":115},"end":{"line":66,"column":119}}},"7":{"name":"(anonymous_8)","decl":{"start":{"line":89,"column":25},"end":{"line":89,"column":26}},"loc":{"start":{"line":89,"column":57},"end":{"line":106,"column":21}}},"8":{"name":"(anonymous_9)","decl":{"start":{"line":110,"column":12},"end":{"line":110,"column":18}},"loc":{"start":{"line":110,"column":32},"end":{"line":112,"column":13}}},"9":{"name":"(anonymous_10)","decl":{"start":{"line":114,"column":12},"end":{"line":114,"column":18}},"loc":{"start":{"line":114,"column":28},"end":{"line":116,"column":13}}},"10":{"name":"(anonymous_11)","decl":{"start":{"line":118,"column":12},"end":{"line":118,"column":18}},"loc":{"start":{"line":118,"column":43},"end":{"line":127,"column":13}}},"11":{"name":"(anonymous_12)","decl":{"start":{"line":125,"column":40},"end":{"line":125,"column":41}},"loc":{"start":{"line":125,"column":55},"end":{"line":125,"column":70}}},"12":{"name":"(anonymous_13)","decl":{"start":{"line":129,"column":12},"end":{"line":129,"column":18}},"loc":{"start":{"line":129,"column":40},"end":{"line":135,"column":13}}},"13":{"name":"(anonymous_14)","decl":{"start":{"line":137,"column":12},"end":{"line":137,"column":18}},"loc":{"start":{"line":137,"column":70},"end":{"line":146,"column":13}}},"14":{"name":"(anonymous_15)","decl":{"start":{"line":148,"column":12},"end":{"line":148,"column":18}},"loc":{"start":{"line":148,"column":82},"end":{"line":157,"column":13}}},"15":{"name":"(anonymous_16)","decl":{"start":{"line":159,"column":12},"end":{"line":159,"column":18}},"loc":{"start":{"line":159,"column":36},"end":{"line":164,"column":13}}},"16":{"name":"(anonymous_17)","decl":{"start":{"line":166,"column":12},"end":{"line":166,"column":18}},"loc":{"start":{"line":166,"column":43},"end":{"line":174,"column":13}}},"17":{"name":"(anonymous_18)","decl":{"start":{"line":176,"column":12},"end":{"line":176,"column":18}},"loc":{"start":{"line":176,"column":41},"end":{"line":182,"column":13}}},"18":{"name":"(anonymous_19)","decl":{"start":{"line":184,"column":12},"end":{"line":184,"column":18}},"loc":{"start":{"line":184,"column":43},"end":{"line":186,"column":13}}},"19":{"name":"(anonymous_20)","decl":{"start":{"line":188,"column":12},"end":{"line":188,"column":18}},"loc":{"start":{"line":188,"column":44},"end":{"line":190,"column":13}}},"20":{"name":"(anonymous_21)","decl":{"start":{"line":192,"column":12},"end":{"line":192,"column":18}},"loc":{"start":{"line":192,"column":48},"end":{"line":194,"column":13}}},"21":{"name":"(anonymous_22)","decl":{"start":{"line":200,"column":12},"end":{"line":200,"column":23}},"loc":{"start":{"line":200,"column":23},"end":{"line":207,"column":5}}},"22":{"name":"(anonymous_23)","decl":{"start":{"line":204,"column":42},"end":{"line":204,"column":43}},"loc":{"start":{"line":204,"column":56},"end":{"line":206,"column":9}}}},"branchMap":{"0":{"loc":{"start":{"line":210,"column":8},"end":{"line":212,"column":9}},"type":"if","locations":[{"start":{"line":210,"column":8},"end":{"line":212,"column":9}}]},"1":{"loc":{"start":{"line":210,"column":12},"end":{"line":210,"column":68}},"type":"binary-expr","locations":[{"start":{"line":210,"column":12},"end":{"line":210,"column":25}},{"start":{"line":210,"column":30},"end":{"line":210,"column":39}},{"start":{"line":210,"column":43},"end":{"line":210,"column":67}}]},"2":{"loc":{"start":{"line":214,"column":8},"end":{"line":216,"column":9}},"type":"if","locations":[{"start":{"line":214,"column":8},"end":{"line":216,"column":9}}]},"3":{"loc":{"start":{"line":224,"column":8},"end":{"line":226,"column":9}},"type":"if","locations":[{"start":{"line":224,"column":8},"end":{"line":226,"column":9}}]},"4":{"loc":{"start":{"line":224,"column":12},"end":{"line":224,"column":49}},"type":"binary-expr","locations":[{"start":{"line":224,"column":12},"end":{"line":224,"column":21}},{"start":{"line":224,"column":25},"end":{"line":224,"column":49}}]},"5":{"loc":{"start":{"line":228,"column":8},"end":{"line":230,"column":9}},"type":"if","locations":[{"start":{"line":228,"column":8},"end":{"line":230,"column":9}}]},"6":{"loc":{"start":{"line":43,"column":24},"end":{"line":43,"column":67}},"type":"default-arg","locations":[{"start":{"line":43,"column":65},"end":{"line":43,"column":67}}]},"7":{"loc":{"start":{"line":52,"column":24},"end":{"line":57,"column":25}},"type":"if","locations":[{"start":{"line":52,"column":24},"end":{"line":57,"column":25}}]},"8":{"loc":{"start":{"line":53,"column":28},"end":{"line":55,"column":29}},"type":"if","locations":[{"start":{"line":53,"column":28},"end":{"line":55,"column":29}}]},"9":{"loc":{"start":{"line":60,"column":24},"end":{"line":62,"column":25}},"type":"if","locations":[{"start":{"line":60,"column":24},"end":{"line":62,"column":25}}]},"10":{"loc":{"start":{"line":65,"column":24},"end":{"line":67,"column":25}},"type":"if","locations":[{"start":{"line":65,"column":24},"end":{"line":67,"column":25}}]},"11":{"loc":{"start":{"line":69,"column":42},"end":{"line":71,"column":34}},"type":"cond-expr","locations":[{"start":{"line":70,"column":30},"end":{"line":70,"column":47}},{"start":{"line":71,"column":30},"end":{"line":71,"column":34}}]},"12":{"loc":{"start":{"line":74,"column":24},"end":{"line":76,"column":25}},"type":"if","locations":[{"start":{"line":74,"column":24},"end":{"line":76,"column":25}}]},"13":{"loc":{"start":{"line":79,"column":24},"end":{"line":85,"column":25}},"type":"if","locations":[{"start":{"line":79,"column":24},"end":{"line":85,"column":25}}]},"14":{"loc":{"start":{"line":93,"column":42},"end":{"line":95,"column":34}},"type":"cond-expr","locations":[{"start":{"line":94,"column":30},"end":{"line":94,"column":47}},{"start":{"line":95,"column":30},"end":{"line":95,"column":34}}]},"15":{"loc":{"start":{"line":97,"column":24},"end":{"line":103,"column":25}},"type":"if","locations":[{"start":{"line":97,"column":24},"end":{"line":103,"column":25}}]},"16":{"loc":{"start":{"line":201,"column":8},"end":{"line":203,"column":9}},"type":"if","locations":[{"start":{"line":201,"column":8},"end":{"line":203,"column":9}}]}},"s":{"0":4,"1":4,"2":4,"3":23,"4":23,"5":23,"6":23,"7":22,"8":0,"9":22,"10":22,"11":0,"12":23,"13":50,"14":0,"15":50,"16":1,"17":49,"18":23,"19":23,"20":23,"21":57,"22":57,"23":13,"24":13,"25":38,"26":38,"27":21,"28":14,"29":7,"30":17,"31":9,"32":8,"33":0,"34":0,"35":8,"36":8,"37":4,"38":4,"39":0,"40":4,"41":2,"42":2,"43":2,"44":1,"45":1,"46":1,"47":0,"48":0,"49":0,"50":0,"51":0,"52":0,"53":1,"54":1,"55":1,"56":1,"57":1,"58":1,"59":1,"60":1,"61":1,"62":1,"63":1,"64":1,"65":1,"66":1,"67":1,"68":1,"69":1,"70":1,"71":1,"72":1,"73":1,"74":1,"75":1,"76":1,"77":1,"78":1,"79":23,"80":4,"81":19,"82":57,"83":4},"f":{"0":23,"1":22,"2":50,"3":57,"4":13,"5":38,"6":0,"7":2,"8":0,"9":0,"10":0,"11":0,"12":1,"13":1,"14":1,"15":1,"16":1,"17":1,"18":1,"19":1,"20":1,"21":23,"22":57},"b":{"0":[0],"1":[22,22,22],"2":[22],"3":[0],"4":[50,49],"5":[1],"6":[1],"7":[21],"8":[14],"9":[9],"10":[0],"11":[8,0],"12":[4],"13":[0],"14":[2,0],"15":[1],"16":[4]}}
,"/mnt/97fb2f28-9f80-45b1-996a-6cffbde28b5a/www/luminix/js-core/src/facades/Route.ts": {"path":"/mnt/97fb2f28-9f80-45b1-996a-6cffbde28b5a/www/luminix/js-core/src/facades/Route.ts","statementMap":{"0":{"start":{"line":7,"column":8},"end":{"line":7,"column":null}},"1":{"start":{"line":13,"column":18},"end":{"line":13,"column":68}},"2":{"start":{"line":15,"column":8},"end":{"line":17,"column":9}},"3":{"start":{"line":16,"column":12},"end":{"line":16,"column":71}},"4":{"start":{"line":20,"column":8},"end":{"line":20,"column":42}},"5":{"start":{"line":22,"column":22},"end":{"line":22,"column":34}},"6":{"start":{"line":24,"column":8},"end":{"line":27,"column":9}},"7":{"start":{"line":25,"column":26},"end":{"line":25,"column":48}},"8":{"start":{"line":26,"column":12},"end":{"line":26,"column":84}},"9":{"start":{"line":29,"column":24},"end":{"line":29,"column":40}},"10":{"start":{"line":30,"column":23},"end":{"line":30,"column":88}},"11":{"start":{"line":30,"column":64},"end":{"line":30,"column":82}},"12":{"start":{"line":31,"column":28},"end":{"line":31,"column":48}},"13":{"start":{"line":32,"column":30},"end":{"line":32,"column":92}},"14":{"start":{"line":32,"column":63},"end":{"line":32,"column":91}},"15":{"start":{"line":33,"column":28},"end":{"line":33,"column":78}},"16":{"start":{"line":33,"column":56},"end":{"line":33,"column":77}},"17":{"start":{"line":35,"column":8},"end":{"line":37,"column":9}},"18":{"start":{"line":36,"column":12},"end":{"line":36,"column":92}},"19":{"start":{"line":39,"column":8},"end":{"line":41,"column":9}},"20":{"start":{"line":40,"column":12},"end":{"line":40,"column":80}},"21":{"start":{"line":43,"column":24},"end":{"line":43,"column":122}},"22":{"start":{"line":43,"column":70},"end":{"line":43,"column":116}},"23":{"start":{"line":45,"column":8},"end":{"line":45,"column":29}},"24":{"start":{"line":49,"column":8},"end":{"line":49,"column":68}},"25":{"start":{"line":4,"column":0},"end":{"line":4,"column":21}}},"fnMap":{"0":{"name":"(anonymous_0)","decl":{"start":{"line":6,"column":4},"end":{"line":6,"column":null}},"loc":{"start":{"line":7,"column":39},"end":{"line":9,"column":5}}},"1":{"name":"(anonymous_1)","decl":{"start":{"line":11,"column":4},"end":{"line":11,"column":7}},"loc":{"start":{"line":11,"column":52},"end":{"line":46,"column":5}}},"2":{"name":"(anonymous_2)","decl":{"start":{"line":30,"column":45},"end":{"line":30,"column":46}},"loc":{"start":{"line":30,"column":64},"end":{"line":30,"column":82}}},"3":{"name":"(anonymous_3)","decl":{"start":{"line":32,"column":44},"end":{"line":32,"column":45}},"loc":{"start":{"line":32,"column":63},"end":{"line":32,"column":91}}},"4":{"name":"(anonymous_4)","decl":{"start":{"line":33,"column":47},"end":{"line":33,"column":48}},"loc":{"start":{"line":33,"column":56},"end":{"line":33,"column":77}}},"5":{"name":"(anonymous_5)","decl":{"start":{"line":43,"column":38},"end":{"line":43,"column":39}},"loc":{"start":{"line":43,"column":70},"end":{"line":43,"column":116}}},"6":{"name":"(anonymous_6)","decl":{"start":{"line":48,"column":4},"end":{"line":48,"column":10}},"loc":{"start":{"line":48,"column":23},"end":{"line":50,"column":5}}}},"branchMap":{"0":{"loc":{"start":{"line":11,"column":22},"end":{"line":11,"column":52}},"type":"default-arg","locations":[{"start":{"line":11,"column":47},"end":{"line":11,"column":52}}]},"1":{"loc":{"start":{"line":15,"column":8},"end":{"line":17,"column":9}},"type":"if","locations":[{"start":{"line":15,"column":8},"end":{"line":17,"column":9}}]},"2":{"loc":{"start":{"line":24,"column":8},"end":{"line":27,"column":9}},"type":"if","locations":[{"start":{"line":24,"column":8},"end":{"line":27,"column":9}}]},"3":{"loc":{"start":{"line":30,"column":23},"end":{"line":30,"column":88}},"type":"cond-expr","locations":[{"start":{"line":30,"column":33},"end":{"line":30,"column":83}},{"start":{"line":30,"column":86},"end":{"line":30,"column":88}}]},"4":{"loc":{"start":{"line":35,"column":8},"end":{"line":37,"column":9}},"type":"if","locations":[{"start":{"line":35,"column":8},"end":{"line":37,"column":9}}]},"5":{"loc":{"start":{"line":39,"column":8},"end":{"line":41,"column":9}},"type":"if","locations":[{"start":{"line":39,"column":8},"end":{"line":41,"column":9}}]}},"s":{"0":23,"1":13,"2":13,"3":1,"4":12,"5":12,"6":12,"7":6,"8":6,"9":6,"10":6,"11":6,"12":6,"13":6,"14":6,"15":6,"16":6,"17":6,"18":0,"19":6,"20":0,"21":6,"22":6,"23":6,"24":0,"25":4},"f":{"0":23,"1":13,"2":6,"3":6,"4":6,"5":6,"6":0},"b":{"0":[5],"1":[1],"2":[6],"3":[6,0],"4":[0],"5":[0]}}
,"/mnt/97fb2f28-9f80-45b1-996a-6cffbde28b5a/www/luminix/js-core/src/support/object.ts": {"path":"/mnt/97fb2f28-9f80-45b1-996a-6cffbde28b5a/www/luminix/js-core/src/support/object.ts","statementMap":{"0":{"start":{"line":3,"column":0},"end":{"line":3,"column":40}},"1":{"start":{"line":5,"column":36},"end":{"line":10,"column":10}},"2":{"start":{"line":5,"column":71},"end":{"line":10,"column":10}},"3":{"start":{"line":6,"column":21},"end":{"line":6,"column":39}},"4":{"start":{"line":8,"column":8},"end":{"line":8,"column":28}},"5":{"start":{"line":9,"column":8},"end":{"line":9,"column":19}},"6":{"start":{"line":5,"column":13},"end":{"line":5,"column":36}},"7":{"start":{"line":12,"column":39},"end":{"line":17,"column":10}},"8":{"start":{"line":12,"column":74},"end":{"line":17,"column":10}},"9":{"start":{"line":13,"column":21},"end":{"line":13,"column":40}},"10":{"start":{"line":15,"column":8},"end":{"line":15,"column":28}},"11":{"start":{"line":16,"column":8},"end":{"line":16,"column":19}},"12":{"start":{"line":12,"column":13},"end":{"line":12,"column":39}},"13":{"start":{"line":19,"column":26},"end":{"line":27,"column":1}},"14":{"start":{"line":20,"column":4},"end":{"line":26,"column":5}},"15":{"start":{"line":21,"column":8},"end":{"line":21,"column":40}},"16":{"start":{"line":24,"column":8},"end":{"line":24,"column":51}},"17":{"start":{"line":25,"column":8},"end":{"line":25,"column":21}},"18":{"start":{"line":19,"column":13},"end":{"line":19,"column":26}},"19":{"start":{"line":29,"column":31},"end":{"line":45,"column":1}},"20":{"start":{"line":30,"column":4},"end":{"line":44,"column":5}},"21":{"start":{"line":31,"column":8},"end":{"line":33,"column":9}},"22":{"start":{"line":32,"column":12},"end":{"line":32,"column":29}},"23":{"start":{"line":34,"column":8},"end":{"line":39,"column":19}},"24":{"start":{"line":35,"column":12},"end":{"line":37,"column":13}},"25":{"start":{"line":36,"column":16},"end":{"line":36,"column":33}},"26":{"start":{"line":38,"column":12},"end":{"line":38,"column":null}},"27":{"start":{"line":42,"column":8},"end":{"line":42,"column":29}},"28":{"start":{"line":43,"column":8},"end":{"line":43,"column":25}},"29":{"start":{"line":29,"column":13},"end":{"line":29,"column":31}},"30":{"start":{"line":47,"column":31},"end":{"line":69,"column":1}},"31":{"start":{"line":48,"column":4},"end":{"line":68,"column":5}},"32":{"start":{"line":49,"column":26},"end":{"line":49,"column":41}},"33":{"start":{"line":50,"column":24},"end":{"line":50,"column":39}},"34":{"start":{"line":53,"column":8},"end":{"line":55,"column":9}},"35":{"start":{"line":54,"column":12},"end":{"line":54,"column":23}},"36":{"start":{"line":57,"column":24},"end":{"line":62,"column":15}},"37":{"start":{"line":58,"column":12},"end":{"line":60,"column":13}},"38":{"start":{"line":59,"column":16},"end":{"line":59,"column":30}},"39":{"start":{"line":61,"column":12},"end":{"line":61,"column":28}},"40":{"start":{"line":63,"column":8},"end":{"line":63,"column":33}},"41":{"start":{"line":64,"column":8},"end":{"line":64,"column":19}},"42":{"start":{"line":66,"column":8},"end":{"line":66,"column":29}},"43":{"start":{"line":67,"column":8},"end":{"line":67,"column":19}},"44":{"start":{"line":47,"column":13},"end":{"line":47,"column":31}},"45":{"start":{"line":71,"column":34},"end":{"line":77,"column":1}},"46":{"start":{"line":72,"column":4},"end":{"line":76,"column":5}},"47":{"start":{"line":73,"column":8},"end":{"line":73,"column":56}},"48":{"start":{"line":75,"column":8},"end":{"line":75,"column":21}},"49":{"start":{"line":71,"column":13},"end":{"line":71,"column":34}}},"fnMap":{"0":{"name":"(anonymous_0)","decl":{"start":{"line":5,"column":36},"end":{"line":5,"column":37}},"loc":{"start":{"line":5,"column":71},"end":{"line":10,"column":10}}},"1":{"name":"(anonymous_1)","decl":{"start":{"line":6,"column":12},"end":{"line":6,"column":13}},"loc":{"start":{"line":6,"column":21},"end":{"line":6,"column":39}}},"2":{"name":"(anonymous_2)","decl":{"start":{"line":7,"column":12},"end":{"line":7,"column":13}},"loc":{"start":{"line":7,"column":30},"end":{"line":10,"column":5}}},"3":{"name":"(anonymous_3)","decl":{"start":{"line":12,"column":39},"end":{"line":12,"column":40}},"loc":{"start":{"line":12,"column":74},"end":{"line":17,"column":10}}},"4":{"name":"(anonymous_4)","decl":{"start":{"line":13,"column":12},"end":{"line":13,"column":13}},"loc":{"start":{"line":13,"column":21},"end":{"line":13,"column":40}}},"5":{"name":"(anonymous_5)","decl":{"start":{"line":14,"column":12},"end":{"line":14,"column":13}},"loc":{"start":{"line":14,"column":30},"end":{"line":17,"column":5}}},"6":{"name":"(anonymous_6)","decl":{"start":{"line":19,"column":26},"end":{"line":19,"column":27}},"loc":{"start":{"line":19,"column":59},"end":{"line":27,"column":1}}},"7":{"name":"(anonymous_7)","decl":{"start":{"line":29,"column":31},"end":{"line":29,"column":32}},"loc":{"start":{"line":29,"column":61},"end":{"line":45,"column":1}}},"8":{"name":"(anonymous_8)","decl":{"start":{"line":34,"column":38},"end":{"line":34,"column":39}},"loc":{"start":{"line":34,"column":51},"end":{"line":39,"column":9}}},"9":{"name":"(anonymous_9)","decl":{"start":{"line":47,"column":31},"end":{"line":47,"column":32}},"loc":{"start":{"line":47,"column":70},"end":{"line":69,"column":1}}},"10":{"name":"(anonymous_10)","decl":{"start":{"line":57,"column":41},"end":{"line":57,"column":42}},"loc":{"start":{"line":57,"column":54},"end":{"line":62,"column":9}}},"11":{"name":"(anonymous_11)","decl":{"start":{"line":71,"column":34},"end":{"line":71,"column":35}},"loc":{"start":{"line":71,"column":61},"end":{"line":77,"column":1}}}},"branchMap":{"0":{"loc":{"start":{"line":31,"column":8},"end":{"line":33,"column":9}},"type":"if","locations":[{"start":{"line":31,"column":8},"end":{"line":33,"column":9}}]},"1":{"loc":{"start":{"line":35,"column":12},"end":{"line":37,"column":13}},"type":"if","locations":[{"start":{"line":35,"column":12},"end":{"line":37,"column":13}}]},"2":{"loc":{"start":{"line":53,"column":8},"end":{"line":55,"column":9}},"type":"if","locations":[{"start":{"line":53,"column":8},"end":{"line":55,"column":9}}]},"3":{"loc":{"start":{"line":58,"column":12},"end":{"line":60,"column":13}},"type":"if","locations":[{"start":{"line":58,"column":12},"end":{"line":60,"column":13}}]}},"s":{"0":4,"1":4,"2":4,"3":9,"4":6,"5":6,"6":4,"7":4,"8":16,"9":31,"10":14,"11":14,"12":4,"13":4,"14":5,"15":5,"16":0,"17":0,"18":4,"19":4,"20":646,"21":646,"22":0,"23":646,"24":1339,"25":44,"26":1295,"27":0,"28":0,"29":4,"30":4,"31":21,"32":21,"33":21,"34":21,"35":0,"36":21,"37":4,"38":2,"39":4,"40":21,"41":21,"42":0,"43":0,"44":4,"45":4,"46":366,"47":366,"48":0,"49":4},"f":{"0":4,"1":9,"2":6,"3":16,"4":31,"5":14,"6":5,"7":646,"8":1339,"9":21,"10":4,"11":366},"b":{"0":[0],"1":[44],"2":[0],"3":[2]}}
,"/mnt/97fb2f28-9f80-45b1-996a-6cffbde28b5a/www/luminix/js-core/tests/config/app.ts": {"path":"/mnt/97fb2f28-9f80-45b1-996a-6cffbde28b5a/www/luminix/js-core/tests/config/app.ts","statementMap":{"0":{"start":{"line":3,"column":0},"end":{"line":8,"column":2}}},"fnMap":{},"branchMap":{},"s":{"0":3},"f":{},"b":{}}
,"/mnt/97fb2f28-9f80-45b1-996a-6cffbde28b5a/www/luminix/js-core/tests/config/index.ts": {"path":"/mnt/97fb2f28-9f80-45b1-996a-6cffbde28b5a/www/luminix/js-core/tests/config/index.ts","statementMap":{"0":{"start":{"line":1,"column":0},"end":{"line":1,"column":23}},"1":{"start":{"line":3,"column":0},"end":{"line":3,"column":24}},"2":{"start":{"line":4,"column":0},"end":{"line":4,"column":30}},"3":{"start":{"line":6,"column":0},"end":{"line":8,"column":null}},"4":{"start":{"line":7,"column":4},"end":{"line":7,"column":58}}},"fnMap":{"0":{"name":"(anonymous_1)","decl":{"start":{"line":6,"column":15},"end":{"line":6,"column":18}},"loc":{"start":{"line":6,"column":20},"end":{"line":8,"column":1}}}},"branchMap":{},"s":{"0":3,"1":3,"2":3,"3":3,"4":19},"f":{"0":19},"b":{}}
}
