TN:
SF:src/contracts/BaseModel.ts
FN:24,(anonymous_1)
FN:32,(anonymous_2)
FN:47,(anonymous_3)
FN:58,(anonymous_4)
FN:79,(anonymous_5)
FN:116,(anonymous_6)
FN:137,(anonymous_7)
FN:141,(anonymous_8)
FN:145,(anonymous_9)
FN:149,(anonymous_10)
FN:153,(anonymous_11)
FN:157,(anonymous_12)
FN:161,(anonymous_13)
FN:165,(anonymous_14)
FN:169,(anonymous_15)
FN:182,(anonymous_16)
FN:196,(anonymous_17)
FN:198,(anonymous_18)
FN:203,(anonymous_19)
FN:206,(anonymous_20)
FN:212,(anonymous_21)
FN:231,(anonymous_22)
FN:235,(anonymous_23)
FN:236,(anonymous_24)
FN:261,(anonymous_25)
FN:270,(anonymous_26)
FN:280,(anonymous_27)
FN:281,(anonymous_28)
FN:288,(anonymous_29)
FN:296,(anonymous_30)
FN:304,(anonymous_31)
FN:305,(anonymous_32)
FN:314,(anonymous_33)
FN:322,(anonymous_34)
FN:330,(anonymous_35)
FN:331,(anonymous_36)
FN:338,(anonymous_37)
FN:346,(anonymous_38)
FNF:38
FNH:31
FNDA:13,(anonymous_1)
FNDA:16,(anonymous_2)
FNDA:67,(anonymous_3)
FNDA:32,(anonymous_4)
FNDA:2,(anonymous_5)
FNDA:0,(anonymous_6)
FNDA:27,(anonymous_7)
FNDA:25,(anonymous_8)
FNDA:5,(anonymous_9)
FNDA:13,(anonymous_10)
FNDA:27,(anonymous_11)
FNDA:1,(anonymous_12)
FNDA:1,(anonymous_13)
FNDA:1,(anonymous_14)
FNDA:4,(anonymous_15)
FNDA:7,(anonymous_16)
FNDA:4,(anonymous_17)
FNDA:6,(anonymous_18)
FNDA:1,(anonymous_19)
FNDA:0,(anonymous_20)
FNDA:0,(anonymous_21)
FNDA:5,(anonymous_22)
FNDA:3,(anonymous_23)
FNDA:3,(anonymous_24)
FNDA:3,(anonymous_25)
FNDA:0,(anonymous_26)
FNDA:1,(anonymous_27)
FNDA:1,(anonymous_28)
FNDA:1,(anonymous_29)
FNDA:0,(anonymous_30)
FNDA:2,(anonymous_31)
FNDA:2,(anonymous_32)
FNDA:1,(anonymous_33)
FNDA:0,(anonymous_34)
FNDA:1,(anonymous_35)
FNDA:1,(anonymous_36)
FNDA:1,(anonymous_37)
FNDA:0,(anonymous_38)
DA:4,4
DA:9,4
DA:10,4
DA:12,4
DA:14,13
DA:15,13
DA:16,13
DA:17,13
DA:18,13
DA:19,13
DA:20,13
DA:21,13
DA:25,13
DA:26,13
DA:29,13
DA:33,16
DA:35,16
DA:40,16
DA:45,16
DA:47,16
DA:48,67
DA:49,53
DA:53,16
DA:55,16
DA:57,16
DA:58,16
DA:59,32
DA:61,32
DA:62,0
DA:65,32
DA:71,32
DA:72,32
DA:74,32
DA:75,0
DA:78,32
DA:79,2
DA:84,16
DA:86,16
DA:87,16
DA:88,16
DA:90,16
DA:98,16
DA:106,16
DA:117,0
DA:118,0
DA:121,0
DA:122,0
DA:124,0
DA:125,0
DA:127,0
DA:131,0
DA:134,0
DA:138,27
DA:142,25
DA:146,5
DA:150,13
DA:154,27
DA:158,1
DA:162,1
DA:166,1
DA:170,4
DA:171,4
DA:172,4
DA:173,0
DA:175,4
DA:183,7
DA:184,0
DA:185,0
DA:187,7
DA:188,7
DA:193,7
DA:197,4
DA:198,4
DA:199,6
DA:204,1
DA:206,1
DA:207,0
DA:208,0
DA:209,0
DA:211,0
DA:212,0
DA:214,0
DA:217,1
DA:232,5
DA:236,3
DA:240,3
DA:242,3
DA:244,3
DA:251,3
DA:252,0
DA:253,0
DA:255,3
DA:262,3
DA:263,3
DA:264,3
DA:265,3
DA:266,3
DA:268,0
DA:271,0
DA:273,0
DA:275,0
DA:281,1
DA:282,1
DA:283,1
DA:284,0
DA:285,0
DA:287,1
DA:289,1
DA:290,1
DA:291,1
DA:292,1
DA:294,0
DA:297,0
DA:298,0
DA:299,0
DA:305,2
DA:306,2
DA:308,1
DA:309,0
DA:310,0
DA:313,1
DA:315,1
DA:316,1
DA:317,1
DA:318,1
DA:320,0
DA:323,0
DA:324,0
DA:325,0
DA:331,1
DA:332,1
DA:334,1
DA:335,0
DA:337,1
DA:339,1
DA:340,1
DA:341,1
DA:342,1
DA:344,0
DA:347,0
DA:348,0
DA:349,0
LF:142
LH:99
BRDA:27,0,0,0
BRDA:37,1,0,16
BRDA:37,1,1,0
BRDA:43,2,0,1
BRDA:48,3,0,53
BRDA:57,4,0,16
BRDA:61,5,0,0
BRDA:61,6,0,32
BRDA:61,6,1,0
BRDA:66,7,0,0
BRDA:66,7,1,32
BRDA:74,8,0,0
BRDA:74,9,0,32
BRDA:74,9,1,4
BRDA:74,9,2,0
BRDA:78,10,0,2
BRDA:78,11,0,32
BRDA:78,11,1,28
BRDA:90,12,0,0
BRDA:90,12,1,16
BRDA:98,13,0,0
BRDA:98,13,1,16
BRDA:106,14,0,0
BRDA:106,14,1,16
BRDA:117,15,0,0
BRDA:117,16,0,0
BRDA:117,16,1,0
BRDA:121,17,0,0
BRDA:124,18,0,0
BRDA:127,19,0,0
BRDA:128,20,0,0
BRDA:128,20,1,0
BRDA:172,21,0,0
BRDA:172,22,0,4
BRDA:172,22,1,4
BRDA:183,23,0,0
BRDA:208,24,0,0
BRDA:208,25,0,0
BRDA:208,25,1,0
BRDA:211,26,0,0
BRDA:211,27,0,0
BRDA:211,27,1,0
BRDA:225,28,0,1
BRDA:225,28,1,0
BRDA:235,29,0,3
BRDA:238,30,0,3
BRDA:239,31,0,3
BRDA:242,32,0,1
BRDA:242,32,1,2
BRDA:246,33,0,1
BRDA:246,33,1,2
BRDA:251,34,0,0
BRDA:256,35,0,3
BRDA:256,35,1,0
BRDA:262,36,0,3
BRDA:283,37,0,0
BRDA:289,38,0,1
BRDA:308,39,0,0
BRDA:315,40,0,1
BRDA:334,41,0,0
BRDA:339,42,0,1
BRF:61
BRH:29
end_of_record
TN:
SF:src/facades/App.ts
FN:14,(anonymous_1)
FN:20,(anonymous_2)
FN:30,(anonymous_3)
FN:34,(anonymous_4)
FN:41,(anonymous_5)
FN:45,(anonymous_6)
FN:68,(anonymous_7)
FN:116,(anonymous_8)
FNF:8
FNH:7
FNDA:24,(anonymous_1)
FNDA:343,(anonymous_2)
FNDA:0,(anonymous_3)
FNDA:142,(anonymous_4)
FNDA:1,(anonymous_5)
FNDA:23,(anonymous_6)
FNDA:1,(anonymous_7)
FNDA:1,(anonymous_8)
DA:1,4
DA:3,4
DA:4,4
DA:6,4
DA:7,4
DA:10,4
DA:12,4
DA:14,4
DA:16,24
DA:17,24
DA:18,24
DA:21,343
DA:22,57
DA:24,286
DA:25,286
DA:27,0
DA:31,0
DA:35,142
DA:36,3
DA:38,139
DA:42,1
DA:47,23
DA:48,0
DA:50,23
DA:60,23
DA:62,23
DA:63,0
DA:66,23
DA:68,23
DA:69,23
DA:70,1
DA:71,0
DA:73,1
DA:74,1
DA:75,0
DA:79,23
DA:80,23
DA:82,23
DA:85,23
DA:88,23
DA:91,23
DA:93,23
DA:95,23
DA:96,17
DA:100,17
DA:102,17
DA:103,17
DA:107,23
DA:109,23
DA:110,23
DA:112,23
DA:114,23
DA:116,23
DA:118,23
DA:120,0
DA:122,0
DA:124,0
DA:129,23
DA:130,0
DA:132,0
DA:137,23
DA:138,23
DA:139,23
DA:140,23
DA:141,23
DA:142,23
DA:143,23
DA:145,23
DA:146,0
DA:147,0
DA:149,0
DA:150,0
DA:154,23
DA:156,23
LF:74
LH:59
BRDA:21,0,0,57
BRDA:24,1,0,286
BRDA:35,2,0,3
BRDA:45,3,0,3
BRDA:47,4,0,0
BRDA:56,5,0,4
BRDA:57,6,0,22
BRDA:59,7,0,17
BRDA:62,8,0,0
BRDA:70,9,0,0
BRDA:74,10,0,0
BRDA:95,11,0,17
BRDA:102,12,0,17
BRDA:102,13,0,17
BRDA:102,13,1,17
BRDA:129,14,0,0
BRDA:145,15,0,0
BRDA:146,16,0,0
BRDA:146,16,1,0
BRF:19
BRH:11
end_of_record
TN:
SF:src/facades/Auth.ts
FN:13,(anonymous_1)
FN:17,(anonymous_2)
FN:37,(anonymous_3)
FN:43,(anonymous_4)
FN:62,(anonymous_5)
FN:78,(anonymous_6)
FNF:6
FNH:6
FNDA:23,(anonymous_1)
FNDA:1,(anonymous_2)
FNDA:2,(anonymous_3)
FNDA:1,(anonymous_4)
FNDA:3,(anonymous_5)
FNDA:2,(anonymous_6)
DA:3,4
DA:9,4
DA:11,23
DA:14,23
DA:18,1
DA:23,1
DA:24,0
DA:28,1
DA:30,1
DA:31,0
DA:34,1
DA:38,2
DA:40,2
DA:45,1
DA:47,1
DA:48,1
DA:49,1
DA:51,1
DA:52,1
DA:53,1
DA:54,1
DA:56,1
DA:57,1
DA:59,1
DA:63,3
DA:64,3
DA:66,3
DA:67,3
DA:69,3
DA:70,1
DA:73,2
DA:75,2
DA:79,2
LF:33
LH:31
BRDA:17,0,0,0
BRDA:23,1,0,0
BRDA:30,2,0,0
BRDA:63,3,0,3
BRDA:69,4,0,1
BRDA:79,5,0,2
BRDA:79,5,1,1
BRF:7
BRH:4
end_of_record
TN:
SF:src/facades/Config.ts
FN:9,(anonymous_0)
FN:16,(anonymous_1)
FN:23,(anonymous_2)
FN:24,(anonymous_3)
FN:31,(anonymous_4)
FN:32,(anonymous_5)
FN:55,(anonymous_6)
FN:59,(anonymous_7)
FN:63,(anonymous_8)
FN:64,(anonymous_9)
FN:71,(anonymous_10)
FN:72,(anonymous_11)
FNF:12
FNH:11
FNDA:23,(anonymous_0)
FNDA:366,(anonymous_1)
FNDA:21,(anonymous_2)
FNDA:5,(anonymous_3)
FNDA:18,(anonymous_4)
FNDA:1,(anonymous_5)
FNDA:0,(anonymous_6)
FNDA:23,(anonymous_7)
FNDA:1,(anonymous_8)
FNDA:1,(anonymous_9)
FNDA:24,(anonymous_10)
FNDA:1,(anonymous_11)
DA:1,4
DA:5,4
DA:7,23
DA:10,23
DA:11,23
DA:17,366
DA:18,280
DA:20,86
DA:24,21
DA:25,20
DA:26,20
DA:28,1
DA:32,18
DA:33,0
DA:34,0
DA:37,18
DA:39,18
DA:40,14
DA:46,4
DA:47,4
DA:50,0
DA:56,0
DA:60,23
DA:64,1
DA:65,0
DA:66,0
DA:68,1
DA:72,24
DA:73,0
DA:75,24
LF:30
LH:23
BRDA:10,0,0,0
BRDA:17,1,0,280
BRDA:24,2,0,20
BRDA:32,3,0,0
BRDA:39,4,0,14
BRDA:39,5,0,18
BRDA:39,5,1,14
BRDA:46,6,0,4
BRDA:46,7,0,4
BRDA:46,7,1,4
BRDA:64,8,0,0
BRDA:72,9,0,0
BRDA:72,10,0,24
BRDA:72,10,1,1
BRF:14
BRH:10
end_of_record
TN:
SF:src/facades/Log.ts
FN:6,(anonymous_0)
FN:11,(anonymous_1)
FN:17,(anonymous_2)
FN:23,(anonymous_3)
FN:29,(anonymous_4)
FN:35,(anonymous_5)
FN:41,(anonymous_6)
FN:47,(anonymous_7)
FN:53,(anonymous_8)
FNF:9
FNH:3
FNDA:23,(anonymous_0)
FNDA:0,(anonymous_1)
FNDA:0,(anonymous_2)
FNDA:0,(anonymous_3)
FNDA:0,(anonymous_4)
FNDA:1,(anonymous_5)
FNDA:0,(anonymous_6)
FNDA:201,(anonymous_7)
FNDA:0,(anonymous_8)
DA:4,4
DA:7,23
DA:12,0
DA:13,0
DA:18,0
DA:19,0
DA:24,0
DA:25,0
DA:30,0
DA:31,0
DA:36,1
DA:37,0
DA:42,0
DA:43,0
DA:48,201
DA:49,0
DA:54,0
DA:55,0
LF:18
LH:4
BRDA:12,0,0,0
BRDA:18,1,0,0
BRDA:24,2,0,0
BRDA:30,3,0,0
BRDA:36,4,0,0
BRDA:42,5,0,0
BRDA:48,6,0,0
BRDA:54,7,0,0
BRF:8
BRH:0
end_of_record
TN:
SF:src/facades/Macro.ts
FN:3,(anonymous_0)
FN:8,(anonymous_1)
FN:12,(anonymous_2)
FN:16,(anonymous_3)
FN:17,(anonymous_4)
FN:18,(anonymous_5)
FN:19,(anonymous_6)
FN:22,(anonymous_7)
FN:23,(anonymous_8)
FN:26,(anonymous_9)
FN:27,(anonymous_10)
FN:30,(anonymous_11)
FN:32,(anonymous_12)
FN:35,(anonymous_13)
FN:37,(anonymous_14)
FN:40,(anonymous_15)
FN:42,(anonymous_16)
FN:47,(anonymous_17)
FN:49,(anonymous_18)
FN:54,(anonymous_19)
FN:55,(anonymous_20)
FN:58,(anonymous_21)
FN:59,(anonymous_22)
FN:62,(anonymous_23)
FN:64,(anonymous_24)
FN:68,(anonymous_25)
FN:70,(anonymous_26)
FNF:27
FNH:6
FNDA:23,(anonymous_0)
FNDA:0,(anonymous_1)
FNDA:0,(anonymous_2)
FNDA:50,(anonymous_3)
FNDA:0,(anonymous_4)
FNDA:0,(anonymous_5)
FNDA:0,(anonymous_6)
FNDA:18,(anonymous_7)
FNDA:0,(anonymous_8)
FNDA:0,(anonymous_9)
FNDA:0,(anonymous_10)
FNDA:0,(anonymous_11)
FNDA:0,(anonymous_12)
FNDA:0,(anonymous_13)
FNDA:0,(anonymous_14)
FNDA:22,(anonymous_15)
FNDA:0,(anonymous_16)
FNDA:22,(anonymous_17)
FNDA:0,(anonymous_18)
FNDA:12,(anonymous_19)
FNDA:0,(anonymous_20)
FNDA:0,(anonymous_21)
FNDA:0,(anonymous_22)
FNDA:0,(anonymous_23)
FNDA:0,(anonymous_24)
FNDA:0,(anonymous_25)
FNDA:0,(anonymous_26)
DA:3,4
DA:5,23
DA:6,23
DA:9,0
DA:13,0
DA:17,50
DA:18,50
DA:19,50
DA:23,18
DA:25,18
DA:26,0
DA:27,0
DA:32,0
DA:37,0
DA:41,22
DA:42,0
DA:44,22
DA:48,22
DA:49,0
DA:51,22
DA:55,12
DA:59,0
DA:63,0
DA:64,0
DA:69,0
DA:70,0
LF:26
LH:13
BRDA:8,0,0,0
BRDA:12,1,0,0
BRDA:32,2,0,0
BRDA:32,2,1,0
BRDA:37,3,0,0
BRDA:37,3,1,0
BRDA:41,4,0,0
BRDA:48,5,0,0
BRF:8
BRH:0
end_of_record
TN:
SF:src/facades/Repository.ts
FN:17,(anonymous_1)
FN:209,(anonymous_2)
FN:223,(anonymous_3)
FN:29,(anonymous_4)
FN:43,(anonymous_5)
FN:47,(anonymous_6)
FN:66,(anonymous_7)
FN:89,(anonymous_8)
FN:110,(anonymous_9)
FN:114,(anonymous_10)
FN:118,(anonymous_11)
FN:125,(anonymous_12)
FN:129,(anonymous_13)
FN:137,(anonymous_14)
FN:148,(anonymous_15)
FN:159,(anonymous_16)
FN:166,(anonymous_17)
FN:176,(anonymous_18)
FN:184,(anonymous_19)
FN:188,(anonymous_20)
FN:192,(anonymous_21)
FN:200,(anonymous_22)
FN:204,(anonymous_23)
FNF:23
FNH:18
FNDA:23,(anonymous_1)
FNDA:22,(anonymous_2)
FNDA:50,(anonymous_3)
FNDA:57,(anonymous_4)
FNDA:13,(anonymous_5)
FNDA:38,(anonymous_6)
FNDA:0,(anonymous_7)
FNDA:2,(anonymous_8)
FNDA:0,(anonymous_9)
FNDA:0,(anonymous_10)
FNDA:0,(anonymous_11)
FNDA:0,(anonymous_12)
FNDA:1,(anonymous_13)
FNDA:1,(anonymous_14)
FNDA:1,(anonymous_15)
FNDA:1,(anonymous_16)
FNDA:1,(anonymous_17)
FNDA:1,(anonymous_18)
FNDA:1,(anonymous_19)
FNDA:1,(anonymous_20)
FNDA:1,(anonymous_21)
FNDA:23,(anonymous_22)
FNDA:57,(anonymous_23)
DA:5,4
DA:7,4
DA:8,4
DA:12,4
DA:14,23
DA:15,23
DA:18,23
DA:20,23
DA:21,23
DA:24,23
DA:32,57
DA:34,57
DA:44,13
DA:46,13
DA:49,38
DA:52,38
DA:53,21
DA:54,14
DA:56,7
DA:60,17
DA:61,9
DA:65,8
DA:66,0
DA:69,8
DA:74,8
DA:75,4
DA:79,4
DA:80,0
DA:87,4
DA:91,2
DA:93,2
DA:97,2
DA:98,1
DA:102,1
DA:105,1
DA:111,0
DA:115,0
DA:119,0
DA:121,0
DA:123,0
DA:125,0
DA:130,1
DA:132,1
DA:134,1
DA:138,1
DA:139,1
DA:141,1
DA:143,1
DA:145,1
DA:149,1
DA:150,1
DA:152,1
DA:154,1
DA:156,1
DA:160,1
DA:161,1
DA:163,1
DA:167,1
DA:169,1
DA:171,1
DA:173,1
DA:177,1
DA:179,1
DA:181,1
DA:185,1
DA:189,1
DA:193,1
DA:201,23
DA:202,4
DA:204,19
DA:205,57
DA:209,23
DA:210,22
DA:211,0
DA:214,22
DA:215,22
DA:218,0
DA:223,23
DA:224,50
DA:225,0
DA:228,50
DA:229,1
DA:232,49
LF:83
LH:72
BRDA:210,0,0,0
BRDA:210,1,0,22
BRDA:210,1,1,22
BRDA:210,1,2,22
BRDA:214,2,0,22
BRDA:224,3,0,0
BRDA:224,4,0,50
BRDA:224,4,1,49
BRDA:228,5,0,1
BRDA:43,6,0,1
BRDA:52,7,0,21
BRDA:53,8,0,14
BRDA:60,9,0,9
BRDA:65,10,0,0
BRDA:69,11,0,8
BRDA:69,11,1,0
BRDA:74,12,0,4
BRDA:79,13,0,0
BRDA:93,14,0,2
BRDA:93,14,1,0
BRDA:97,15,0,1
BRDA:201,16,0,4
BRF:22
BRH:16
end_of_record
TN:
SF:src/facades/Route.ts
FN:6,(anonymous_0)
FN:11,(anonymous_1)
FN:30,(anonymous_2)
FN:32,(anonymous_3)
FN:33,(anonymous_4)
FN:43,(anonymous_5)
FN:48,(anonymous_6)
FNF:7
FNH:6
FNDA:23,(anonymous_0)
FNDA:13,(anonymous_1)
FNDA:6,(anonymous_2)
FNDA:6,(anonymous_3)
FNDA:6,(anonymous_4)
FNDA:6,(anonymous_5)
FNDA:0,(anonymous_6)
DA:4,4
DA:7,23
DA:13,13
DA:15,13
DA:16,1
DA:20,12
DA:22,12
DA:24,12
DA:25,6
DA:26,6
DA:29,6
DA:30,6
DA:31,6
DA:32,6
DA:33,6
DA:35,6
DA:36,0
DA:39,6
DA:40,0
DA:43,6
DA:45,6
DA:49,0
LF:22
LH:19
BRDA:11,0,0,5
BRDA:15,1,0,1
BRDA:24,2,0,6
BRDA:30,3,0,6
BRDA:30,3,1,0
BRDA:35,4,0,0
BRDA:39,5,0,0
BRF:7
BRH:4
end_of_record
TN:
SF:src/support/object.ts
FN:5,(anonymous_0)
FN:6,(anonymous_1)
FN:7,(anonymous_2)
FN:12,(anonymous_3)
FN:13,(anonymous_4)
FN:14,(anonymous_5)
FN:19,(anonymous_6)
FN:29,(anonymous_7)
FN:34,(anonymous_8)
FN:47,(anonymous_9)
FN:57,(anonymous_10)
FN:71,(anonymous_11)
FNF:12
FNH:12
FNDA:4,(anonymous_0)
FNDA:9,(anonymous_1)
FNDA:6,(anonymous_2)
FNDA:16,(anonymous_3)
FNDA:31,(anonymous_4)
FNDA:14,(anonymous_5)
FNDA:5,(anonymous_6)
FNDA:646,(anonymous_7)
FNDA:1339,(anonymous_8)
FNDA:21,(anonymous_9)
FNDA:4,(anonymous_10)
FNDA:366,(anonymous_11)
DA:3,4
DA:5,4
DA:6,9
DA:8,6
DA:9,6
DA:12,16
DA:13,31
DA:15,14
DA:16,14
DA:19,4
DA:20,5
DA:21,5
DA:24,0
DA:25,0
DA:29,4
DA:30,646
DA:31,646
DA:32,0
DA:34,646
DA:35,1339
DA:36,44
DA:38,1295
DA:42,0
DA:43,0
DA:47,4
DA:48,21
DA:49,21
DA:50,21
DA:53,21
DA:54,0
DA:57,21
DA:58,4
DA:59,2
DA:61,4
DA:63,21
DA:64,21
DA:66,0
DA:67,0
DA:71,4
DA:72,366
DA:73,366
DA:75,0
LF:42
LH:33
BRDA:31,0,0,0
BRDA:35,1,0,44
BRDA:53,2,0,0
BRDA:58,3,0,2
BRF:4
BRH:2
end_of_record
TN:
SF:tests/config/app.ts
FNF:0
FNH:0
DA:3,3
LF:1
LH:1
BRF:0
BRH:0
end_of_record
TN:
SF:tests/config/index.ts
FN:6,(anonymous_1)
FNF:1
FNH:1
FNDA:19,(anonymous_1)
DA:1,3
DA:3,3
DA:4,3
DA:6,3
DA:7,19
LF:5
LH:5
BRF:0
BRH:0
end_of_record
